{"C:\\Users\\leosa\\Desktop\\Programacion\\petsocial-backend\\src\\config\\cloudinary.ts": {"path":"C:\\Users\\leosa\\Desktop\\Programacion\\petsocial-backend\\src\\config\\cloudinary.ts","statementMap":{"0":{"start":{"line":1,"column":0},"end":{"line":1,"column":46}},"1":{"start":{"line":3,"column":0},"end":{"line":7,"column":3}},"2":{"start":{"line":9,"column":0},"end":{"line":9,"column":26}},"3":{"start":{"line":11,"column":34},"end":{"line":16,"column":1}},"4":{"start":{"line":12,"column":18},"end":{"line":12,"column":32}},"5":{"start":{"line":13,"column":21},"end":{"line":13,"column":44}},"6":{"start":{"line":14,"column":21},"end":{"line":14,"column":43}},"7":{"start":{"line":15,"column":4},"end":{"line":15,"column":41}},"8":{"start":{"line":11,"column":13},"end":{"line":11,"column":34}}},"fnMap":{"0":{"name":"(anonymous_0)","decl":{"start":{"line":11,"column":34},"end":{"line":11,"column":35}},"loc":{"start":{"line":11,"column":50},"end":{"line":16,"column":1}}}},"branchMap":{},"s":{"0":2,"1":2,"2":2,"3":2,"4":0,"5":0,"6":0,"7":0,"8":2},"f":{"0":0},"b":{}}
,"C:\\Users\\leosa\\Desktop\\Programacion\\petsocial-backend\\src\\config\\prisma.ts": {"path":"C:\\Users\\leosa\\Desktop\\Programacion\\petsocial-backend\\src\\config\\prisma.ts","statementMap":{"0":{"start":{"line":1,"column":0},"end":{"line":1,"column":46}},"1":{"start":{"line":3,"column":13},"end":{"line":3,"column":41}}},"fnMap":{},"branchMap":{},"s":{"0":0,"1":0},"f":{},"b":{}}
,"C:\\Users\\leosa\\Desktop\\Programacion\\petsocial-backend\\src\\controllers\\auth.controller.ts": {"path":"C:\\Users\\leosa\\Desktop\\Programacion\\petsocial-backend\\src\\controllers\\auth.controller.ts","statementMap":{"0":{"start":{"line":2,"column":0},"end":{"line":2,"column":57}},"1":{"start":{"line":4,"column":24},"end":{"line":19,"column":1}},"2":{"start":{"line":9,"column":4},"end":{"line":18,"column":5}},"3":{"start":{"line":10,"column":21},"end":{"line":10,"column":61}},"4":{"start":{"line":11,"column":8},"end":{"line":15,"column":11}},"5":{"start":{"line":17,"column":8},"end":{"line":17,"column":20}},"6":{"start":{"line":4,"column":13},"end":{"line":4,"column":24}},"7":{"start":{"line":21,"column":21},"end":{"line":59,"column":1}},"8":{"start":{"line":26,"column":4},"end":{"line":58,"column":5}},"9":{"start":{"line":27,"column":21},"end":{"line":27,"column":58}},"10":{"start":{"line":29,"column":8},"end":{"line":34,"column":11}},"11":{"start":{"line":35,"column":8},"end":{"line":40,"column":11}},"12":{"start":{"line":41,"column":8},"end":{"line":46,"column":11}},"13":{"start":{"line":48,"column":8},"end":{"line":55,"column":11}},"14":{"start":{"line":57,"column":8},"end":{"line":57,"column":20}},"15":{"start":{"line":21,"column":13},"end":{"line":21,"column":21}},"16":{"start":{"line":61,"column":28},"end":{"line":98,"column":1}},"17":{"start":{"line":66,"column":4},"end":{"line":97,"column":5}},"18":{"start":{"line":67,"column":29},"end":{"line":67,"column":53}},"19":{"start":{"line":69,"column":8},"end":{"line":74,"column":9}},"20":{"start":{"line":70,"column":12},"end":{"line":73,"column":15}},"21":{"start":{"line":76,"column":23},"end":{"line":76,"column":73}},"22":{"start":{"line":78,"column":8},"end":{"line":83,"column":11}},"23":{"start":{"line":84,"column":8},"end":{"line":89,"column":11}},"24":{"start":{"line":91,"column":8},"end":{"line":94,"column":11}},"25":{"start":{"line":96,"column":8},"end":{"line":96,"column":20}},"26":{"start":{"line":61,"column":13},"end":{"line":61,"column":28}},"27":{"start":{"line":100,"column":22},"end":{"line":123,"column":1}},"28":{"start":{"line":105,"column":4},"end":{"line":122,"column":5}},"29":{"start":{"line":106,"column":24},"end":{"line":106,"column":44}},"30":{"start":{"line":108,"column":8},"end":{"line":110,"column":9}},"31":{"start":{"line":109,"column":12},"end":{"line":109,"column":49}},"32":{"start":{"line":112,"column":8},"end":{"line":112,"column":39}},"33":{"start":{"line":113,"column":8},"end":{"line":113,"column":40}},"34":{"start":{"line":114,"column":8},"end":{"line":114,"column":33}},"35":{"start":{"line":116,"column":8},"end":{"line":119,"column":11}},"36":{"start":{"line":121,"column":8},"end":{"line":121,"column":20}},"37":{"start":{"line":100,"column":13},"end":{"line":100,"column":22}}},"fnMap":{"0":{"name":"(anonymous_9)","decl":{"start":{"line":4,"column":24},"end":{"line":4,"column":29}},"loc":{"start":{"line":8,"column":4},"end":{"line":19,"column":1}}},"1":{"name":"(anonymous_10)","decl":{"start":{"line":21,"column":21},"end":{"line":21,"column":26}},"loc":{"start":{"line":25,"column":4},"end":{"line":59,"column":1}}},"2":{"name":"(anonymous_11)","decl":{"start":{"line":61,"column":28},"end":{"line":61,"column":33}},"loc":{"start":{"line":65,"column":4},"end":{"line":98,"column":1}}},"3":{"name":"(anonymous_12)","decl":{"start":{"line":100,"column":22},"end":{"line":100,"column":27}},"loc":{"start":{"line":104,"column":4},"end":{"line":123,"column":1}}}},"branchMap":{"0":{"loc":{"start":{"line":69,"column":8},"end":{"line":74,"column":9}},"type":"if","locations":[{"start":{"line":69,"column":8},"end":{"line":74,"column":9}},{"start":{},"end":{}}]},"1":{"loc":{"start":{"line":108,"column":8},"end":{"line":110,"column":9}},"type":"if","locations":[{"start":{"line":108,"column":8},"end":{"line":110,"column":9}},{"start":{},"end":{}}]}},"s":{"0":0,"1":0,"2":0,"3":0,"4":0,"5":0,"6":0,"7":0,"8":0,"9":0,"10":0,"11":0,"12":0,"13":0,"14":0,"15":0,"16":0,"17":0,"18":0,"19":0,"20":0,"21":0,"22":0,"23":0,"24":0,"25":0,"26":0,"27":0,"28":0,"29":0,"30":0,"31":0,"32":0,"33":0,"34":0,"35":0,"36":0,"37":0},"f":{"0":0,"1":0,"2":0,"3":0},"b":{"0":[0,0],"1":[0,0]}}
,"C:\\Users\\leosa\\Desktop\\Programacion\\petsocial-backend\\src\\controllers\\comment.controller.ts": {"path":"C:\\Users\\leosa\\Desktop\\Programacion\\petsocial-backend\\src\\controllers\\comment.controller.ts","statementMap":{"0":{"start":{"line":2,"column":0},"end":{"line":2,"column":80}},"1":{"start":{"line":4,"column":22},"end":{"line":24,"column":1}},"2":{"start":{"line":9,"column":4},"end":{"line":23,"column":5}},"3":{"start":{"line":10,"column":23},"end":{"line":10,"column":48}},"4":{"start":{"line":11,"column":28},"end":{"line":11,"column":36}},"5":{"start":{"line":12,"column":22},"end":{"line":12,"column":32}},"6":{"start":{"line":14,"column":8},"end":{"line":16,"column":9}},"7":{"start":{"line":15,"column":12},"end":{"line":15,"column":73}},"8":{"start":{"line":18,"column":24},"end":{"line":18,"column":67}},"9":{"start":{"line":20,"column":8},"end":{"line":20,"column":38}},"10":{"start":{"line":22,"column":8},"end":{"line":22,"column":20}},"11":{"start":{"line":4,"column":13},"end":{"line":4,"column":22}},"12":{"start":{"line":26,"column":22},"end":{"line":38,"column":1}},"13":{"start":{"line":31,"column":4},"end":{"line":37,"column":5}},"14":{"start":{"line":32,"column":23},"end":{"line":32,"column":48}},"15":{"start":{"line":33,"column":25},"end":{"line":33,"column":56}},"16":{"start":{"line":34,"column":8},"end":{"line":34,"column":27}},"17":{"start":{"line":36,"column":8},"end":{"line":36,"column":20}},"18":{"start":{"line":26,"column":13},"end":{"line":26,"column":22}}},"fnMap":{"0":{"name":"(anonymous_0)","decl":{"start":{"line":4,"column":22},"end":{"line":4,"column":27}},"loc":{"start":{"line":8,"column":4},"end":{"line":24,"column":1}}},"1":{"name":"(anonymous_1)","decl":{"start":{"line":26,"column":22},"end":{"line":26,"column":27}},"loc":{"start":{"line":30,"column":4},"end":{"line":38,"column":1}}}},"branchMap":{"0":{"loc":{"start":{"line":14,"column":8},"end":{"line":16,"column":9}},"type":"if","locations":[{"start":{"line":14,"column":8},"end":{"line":16,"column":9}},{"start":{},"end":{}}]}},"s":{"0":0,"1":0,"2":0,"3":0,"4":0,"5":0,"6":0,"7":0,"8":0,"9":0,"10":0,"11":0,"12":0,"13":0,"14":0,"15":0,"16":0,"17":0,"18":0},"f":{"0":0,"1":0},"b":{"0":[0,0]}}
,"C:\\Users\\leosa\\Desktop\\Programacion\\petsocial-backend\\src\\controllers\\conversation.controller.ts": {"path":"C:\\Users\\leosa\\Desktop\\Programacion\\petsocial-backend\\src\\controllers\\conversation.controller.ts","statementMap":{"0":{"start":{"line":2,"column":0},"end":{"line":2,"column":null}},"1":{"start":{"line":8,"column":32},"end":{"line":20,"column":1}},"2":{"start":{"line":13,"column":4},"end":{"line":19,"column":5}},"3":{"start":{"line":14,"column":23},"end":{"line":14,"column":35}},"4":{"start":{"line":15,"column":30},"end":{"line":15,"column":64}},"5":{"start":{"line":16,"column":8},"end":{"line":16,"column":57}},"6":{"start":{"line":18,"column":8},"end":{"line":18,"column":20}},"7":{"start":{"line":8,"column":13},"end":{"line":8,"column":32}},"8":{"start":{"line":22,"column":45},"end":{"line":40,"column":1}},"9":{"start":{"line":27,"column":4},"end":{"line":39,"column":5}},"10":{"start":{"line":28,"column":23},"end":{"line":28,"column":35}},"11":{"start":{"line":29,"column":31},"end":{"line":29,"column":54}},"12":{"start":{"line":30,"column":21},"end":{"line":30,"column":58}},"13":{"start":{"line":31,"column":25},"end":{"line":34,"column":null}},"14":{"start":{"line":36,"column":8},"end":{"line":36,"column":52}},"15":{"start":{"line":38,"column":8},"end":{"line":38,"column":20}},"16":{"start":{"line":22,"column":13},"end":{"line":22,"column":45}}},"fnMap":{"0":{"name":"(anonymous_0)","decl":{"start":{"line":8,"column":32},"end":{"line":8,"column":37}},"loc":{"start":{"line":12,"column":4},"end":{"line":20,"column":1}}},"1":{"name":"(anonymous_1)","decl":{"start":{"line":22,"column":45},"end":{"line":22,"column":50}},"loc":{"start":{"line":26,"column":4},"end":{"line":40,"column":1}}}},"branchMap":{"0":{"loc":{"start":{"line":30,"column":21},"end":{"line":30,"column":58}},"type":"binary-expr","locations":[{"start":{"line":30,"column":21},"end":{"line":30,"column":53}},{"start":{"line":30,"column":57},"end":{"line":30,"column":58}}]}},"s":{"0":0,"1":0,"2":0,"3":0,"4":0,"5":0,"6":0,"7":0,"8":0,"9":0,"10":0,"11":0,"12":0,"13":0,"14":0,"15":0,"16":0},"f":{"0":0,"1":0},"b":{"0":[0,0]}}
,"C:\\Users\\leosa\\Desktop\\Programacion\\petsocial-backend\\src\\controllers\\follow.controller.ts": {"path":"C:\\Users\\leosa\\Desktop\\Programacion\\petsocial-backend\\src\\controllers\\follow.controller.ts","statementMap":{"0":{"start":{"line":2,"column":0},"end":{"line":2,"column":null}},"1":{"start":{"line":8,"column":22},"end":{"line":25,"column":1}},"2":{"start":{"line":13,"column":4},"end":{"line":24,"column":5}},"3":{"start":{"line":14,"column":28},"end":{"line":14,"column":52}},"4":{"start":{"line":16,"column":23},"end":{"line":18,"column":null}},"5":{"start":{"line":21,"column":8},"end":{"line":21,"column":25}},"6":{"start":{"line":23,"column":8},"end":{"line":23,"column":20}},"7":{"start":{"line":8,"column":13},"end":{"line":8,"column":22}},"8":{"start":{"line":27,"column":25},"end":{"line":45,"column":1}},"9":{"start":{"line":32,"column":4},"end":{"line":44,"column":5}},"10":{"start":{"line":33,"column":22},"end":{"line":33,"column":43}},"11":{"start":{"line":34,"column":23},"end":{"line":34,"column":78}},"12":{"start":{"line":36,"column":26},"end":{"line":36,"column":59}},"13":{"start":{"line":38,"column":8},"end":{"line":41,"column":11}},"14":{"start":{"line":43,"column":8},"end":{"line":43,"column":20}},"15":{"start":{"line":27,"column":13},"end":{"line":27,"column":25}},"16":{"start":{"line":47,"column":25},"end":{"line":61,"column":1}},"17":{"start":{"line":52,"column":4},"end":{"line":60,"column":5}},"18":{"start":{"line":53,"column":22},"end":{"line":53,"column":46}},"19":{"start":{"line":55,"column":23},"end":{"line":55,"column":48}},"20":{"start":{"line":57,"column":8},"end":{"line":57,"column":25}},"21":{"start":{"line":59,"column":8},"end":{"line":59,"column":20}},"22":{"start":{"line":47,"column":13},"end":{"line":47,"column":25}}},"fnMap":{"0":{"name":"(anonymous_0)","decl":{"start":{"line":8,"column":22},"end":{"line":8,"column":27}},"loc":{"start":{"line":12,"column":4},"end":{"line":25,"column":1}}},"1":{"name":"(anonymous_1)","decl":{"start":{"line":27,"column":25},"end":{"line":27,"column":30}},"loc":{"start":{"line":31,"column":4},"end":{"line":45,"column":1}}},"2":{"name":"(anonymous_2)","decl":{"start":{"line":47,"column":25},"end":{"line":47,"column":30}},"loc":{"start":{"line":51,"column":4},"end":{"line":61,"column":1}}}},"branchMap":{"0":{"loc":{"start":{"line":34,"column":23},"end":{"line":34,"column":78}},"type":"cond-expr","locations":[{"start":{"line":34,"column":42},"end":{"line":34,"column":66}},{"start":{"line":34,"column":69},"end":{"line":34,"column":78}}]}},"s":{"0":0,"1":0,"2":0,"3":0,"4":0,"5":0,"6":0,"7":0,"8":0,"9":0,"10":0,"11":0,"12":0,"13":0,"14":0,"15":0,"16":0,"17":0,"18":0,"19":0,"20":0,"21":0,"22":0},"f":{"0":0,"1":0,"2":0},"b":{"0":[0,0]}}
,"C:\\Users\\leosa\\Desktop\\Programacion\\petsocial-backend\\src\\controllers\\like.controller.ts": {"path":"C:\\Users\\leosa\\Desktop\\Programacion\\petsocial-backend\\src\\controllers\\like.controller.ts","statementMap":{"0":{"start":{"line":2,"column":0},"end":{"line":2,"column":71}},"1":{"start":{"line":4,"column":22},"end":{"line":18,"column":1}},"2":{"start":{"line":9,"column":4},"end":{"line":17,"column":5}},"3":{"start":{"line":10,"column":23},"end":{"line":10,"column":48}},"4":{"start":{"line":12,"column":23},"end":{"line":12,"column":59}},"5":{"start":{"line":14,"column":8},"end":{"line":14,"column":25}},"6":{"start":{"line":16,"column":8},"end":{"line":16,"column":20}},"7":{"start":{"line":4,"column":13},"end":{"line":4,"column":22}},"8":{"start":{"line":19,"column":22},"end":{"line":31,"column":1}},"9":{"start":{"line":24,"column":4},"end":{"line":30,"column":5}},"10":{"start":{"line":25,"column":23},"end":{"line":25,"column":48}},"11":{"start":{"line":26,"column":22},"end":{"line":26,"column":50}},"12":{"start":{"line":27,"column":8},"end":{"line":27,"column":24}},"13":{"start":{"line":29,"column":8},"end":{"line":29,"column":20}},"14":{"start":{"line":19,"column":13},"end":{"line":19,"column":22}}},"fnMap":{"0":{"name":"(anonymous_0)","decl":{"start":{"line":4,"column":22},"end":{"line":4,"column":27}},"loc":{"start":{"line":8,"column":4},"end":{"line":18,"column":1}}},"1":{"name":"(anonymous_1)","decl":{"start":{"line":19,"column":22},"end":{"line":19,"column":27}},"loc":{"start":{"line":23,"column":4},"end":{"line":31,"column":1}}}},"branchMap":{},"s":{"0":0,"1":0,"2":0,"3":0,"4":0,"5":0,"6":0,"7":0,"8":0,"9":0,"10":0,"11":0,"12":0,"13":0,"14":0},"f":{"0":0,"1":0},"b":{}}
,"C:\\Users\\leosa\\Desktop\\Programacion\\petsocial-backend\\src\\controllers\\notifications.controller.ts": {"path":"C:\\Users\\leosa\\Desktop\\Programacion\\petsocial-backend\\src\\controllers\\notifications.controller.ts","statementMap":{"0":{"start":{"line":2,"column":0},"end":{"line":2,"column":74}},"1":{"start":{"line":4,"column":32},"end":{"line":26,"column":1}},"2":{"start":{"line":9,"column":4},"end":{"line":25,"column":5}},"3":{"start":{"line":10,"column":23},"end":{"line":10,"column":49}},"4":{"start":{"line":11,"column":22},"end":{"line":13,"column":23}},"5":{"start":{"line":14,"column":30},"end":{"line":16,"column":null}},"6":{"start":{"line":19,"column":8},"end":{"line":22,"column":11}},"7":{"start":{"line":24,"column":8},"end":{"line":24,"column":20}},"8":{"start":{"line":4,"column":13},"end":{"line":4,"column":32}},"9":{"start":{"line":28,"column":32},"end":{"line":45,"column":1}},"10":{"start":{"line":33,"column":4},"end":{"line":44,"column":5}},"11":{"start":{"line":34,"column":23},"end":{"line":34,"column":33}},"12":{"start":{"line":36,"column":29},"end":{"line":36,"column":69}},"13":{"start":{"line":38,"column":8},"end":{"line":41,"column":11}},"14":{"start":{"line":43,"column":8},"end":{"line":43,"column":20}},"15":{"start":{"line":28,"column":13},"end":{"line":28,"column":32}}},"fnMap":{"0":{"name":"(anonymous_9)","decl":{"start":{"line":4,"column":32},"end":{"line":4,"column":37}},"loc":{"start":{"line":8,"column":4},"end":{"line":26,"column":1}}},"1":{"name":"(anonymous_10)","decl":{"start":{"line":28,"column":32},"end":{"line":28,"column":37}},"loc":{"start":{"line":32,"column":4},"end":{"line":45,"column":1}}}},"branchMap":{"0":{"loc":{"start":{"line":11,"column":22},"end":{"line":13,"column":23}},"type":"cond-expr","locations":[{"start":{"line":12,"column":14},"end":{"line":12,"column":47}},{"start":{"line":13,"column":14},"end":{"line":13,"column":23}}]}},"s":{"0":0,"1":0,"2":0,"3":0,"4":0,"5":0,"6":0,"7":0,"8":0,"9":0,"10":0,"11":0,"12":0,"13":0,"14":0,"15":0},"f":{"0":0,"1":0},"b":{"0":[0,0]}}
,"C:\\Users\\leosa\\Desktop\\Programacion\\petsocial-backend\\src\\controllers\\pet.controller.ts": {"path":"C:\\Users\\leosa\\Desktop\\Programacion\\petsocial-backend\\src\\controllers\\pet.controller.ts","statementMap":{"0":{"start":{"line":2,"column":0},"end":{"line":2,"column":null}},"1":{"start":{"line":9,"column":22},"end":{"line":35,"column":1}},"2":{"start":{"line":14,"column":4},"end":{"line":34,"column":5}},"3":{"start":{"line":15,"column":30},"end":{"line":15,"column":38}},"4":{"start":{"line":16,"column":23},"end":{"line":16,"column":45}},"5":{"start":{"line":18,"column":8},"end":{"line":22,"column":9}},"6":{"start":{"line":19,"column":12},"end":{"line":21,"column":66}},"7":{"start":{"line":24,"column":20},"end":{"line":29,"column":10}},"8":{"start":{"line":31,"column":8},"end":{"line":31,"column":34}},"9":{"start":{"line":33,"column":8},"end":{"line":33,"column":20}},"10":{"start":{"line":9,"column":13},"end":{"line":9,"column":22}},"11":{"start":{"line":37,"column":22},"end":{"line":48,"column":1}},"12":{"start":{"line":42,"column":4},"end":{"line":47,"column":5}},"13":{"start":{"line":43,"column":21},"end":{"line":43,"column":50}},"14":{"start":{"line":44,"column":8},"end":{"line":44,"column":23}},"15":{"start":{"line":46,"column":8},"end":{"line":46,"column":20}},"16":{"start":{"line":37,"column":13},"end":{"line":37,"column":22}},"17":{"start":{"line":50,"column":22},"end":{"line":71,"column":1}},"18":{"start":{"line":55,"column":4},"end":{"line":70,"column":5}},"19":{"start":{"line":56,"column":22},"end":{"line":56,"column":43}},"20":{"start":{"line":57,"column":30},"end":{"line":57,"column":38}},"21":{"start":{"line":58,"column":23},"end":{"line":58,"column":45}},"22":{"start":{"line":60,"column":8},"end":{"line":64,"column":9}},"23":{"start":{"line":61,"column":12},"end":{"line":63,"column":66}},"24":{"start":{"line":66,"column":20},"end":{"line":66,"column":78}},"25":{"start":{"line":67,"column":8},"end":{"line":67,"column":22}},"26":{"start":{"line":69,"column":8},"end":{"line":69,"column":20}},"27":{"start":{"line":50,"column":13},"end":{"line":50,"column":22}},"28":{"start":{"line":73,"column":22},"end":{"line":85,"column":1}},"29":{"start":{"line":78,"column":4},"end":{"line":84,"column":5}},"30":{"start":{"line":79,"column":22},"end":{"line":79,"column":43}},"31":{"start":{"line":80,"column":8},"end":{"line":80,"column":45}},"32":{"start":{"line":81,"column":8},"end":{"line":81,"column":31}},"33":{"start":{"line":83,"column":8},"end":{"line":83,"column":20}},"34":{"start":{"line":73,"column":13},"end":{"line":73,"column":22}}},"fnMap":{"0":{"name":"(anonymous_0)","decl":{"start":{"line":9,"column":22},"end":{"line":9,"column":27}},"loc":{"start":{"line":13,"column":4},"end":{"line":35,"column":1}}},"1":{"name":"(anonymous_1)","decl":{"start":{"line":37,"column":22},"end":{"line":37,"column":27}},"loc":{"start":{"line":41,"column":4},"end":{"line":48,"column":1}}},"2":{"name":"(anonymous_2)","decl":{"start":{"line":50,"column":22},"end":{"line":50,"column":27}},"loc":{"start":{"line":54,"column":4},"end":{"line":71,"column":1}}},"3":{"name":"(anonymous_3)","decl":{"start":{"line":73,"column":22},"end":{"line":73,"column":27}},"loc":{"start":{"line":77,"column":4},"end":{"line":85,"column":1}}}},"branchMap":{"0":{"loc":{"start":{"line":18,"column":8},"end":{"line":22,"column":9}},"type":"if","locations":[{"start":{"line":18,"column":8},"end":{"line":22,"column":9}},{"start":{},"end":{}}]},"1":{"loc":{"start":{"line":18,"column":12},"end":{"line":18,"column":27}},"type":"binary-expr","locations":[{"start":{"line":18,"column":12},"end":{"line":18,"column":17}},{"start":{"line":18,"column":21},"end":{"line":18,"column":27}}]},"2":{"loc":{"start":{"line":60,"column":8},"end":{"line":64,"column":9}},"type":"if","locations":[{"start":{"line":60,"column":8},"end":{"line":64,"column":9}},{"start":{},"end":{}}]},"3":{"loc":{"start":{"line":60,"column":12},"end":{"line":60,"column":27}},"type":"binary-expr","locations":[{"start":{"line":60,"column":12},"end":{"line":60,"column":17}},{"start":{"line":60,"column":21},"end":{"line":60,"column":27}}]}},"s":{"0":0,"1":0,"2":0,"3":0,"4":0,"5":0,"6":0,"7":0,"8":0,"9":0,"10":0,"11":0,"12":0,"13":0,"14":0,"15":0,"16":0,"17":0,"18":0,"19":0,"20":0,"21":0,"22":0,"23":0,"24":0,"25":0,"26":0,"27":0,"28":0,"29":0,"30":0,"31":0,"32":0,"33":0,"34":0},"f":{"0":0,"1":0,"2":0,"3":0},"b":{"0":[0,0],"1":[0,0],"2":[0,0],"3":[0,0]}}
,"C:\\Users\\leosa\\Desktop\\Programacion\\petsocial-backend\\src\\controllers\\post.controller.ts": {"path":"C:\\Users\\leosa\\Desktop\\Programacion\\petsocial-backend\\src\\controllers\\post.controller.ts","statementMap":{"0":{"start":{"line":2,"column":0},"end":{"line":2,"column":null}},"1":{"start":{"line":11,"column":23},"end":{"line":23,"column":1}},"2":{"start":{"line":16,"column":4},"end":{"line":22,"column":5}},"3":{"start":{"line":17,"column":19},"end":{"line":17,"column":40}},"4":{"start":{"line":18,"column":21},"end":{"line":18,"column":42}},"5":{"start":{"line":19,"column":8},"end":{"line":19,"column":23}},"6":{"start":{"line":21,"column":8},"end":{"line":21,"column":20}},"7":{"start":{"line":11,"column":13},"end":{"line":11,"column":23}},"8":{"start":{"line":25,"column":22},"end":{"line":52,"column":1}},"9":{"start":{"line":30,"column":4},"end":{"line":51,"column":5}},"10":{"start":{"line":31,"column":35},"end":{"line":31,"column":43}},"11":{"start":{"line":33,"column":23},"end":{"line":33,"column":45}},"12":{"start":{"line":35,"column":8},"end":{"line":39,"column":9}},"13":{"start":{"line":36,"column":12},"end":{"line":38,"column":67}},"14":{"start":{"line":41,"column":21},"end":{"line":45,"column":null}},"15":{"start":{"line":48,"column":8},"end":{"line":48,"column":35}},"16":{"start":{"line":50,"column":8},"end":{"line":50,"column":20}},"17":{"start":{"line":25,"column":13},"end":{"line":25,"column":22}},"18":{"start":{"line":54,"column":20},"end":{"line":67,"column":1}},"19":{"start":{"line":55,"column":4},"end":{"line":66,"column":5}},"20":{"start":{"line":56,"column":34},"end":{"line":56,"column":43}},"21":{"start":{"line":58,"column":22},"end":{"line":60,"column":null}},"22":{"start":{"line":63,"column":8},"end":{"line":63,"column":24}},"23":{"start":{"line":65,"column":8},"end":{"line":65,"column":20}},"24":{"start":{"line":54,"column":13},"end":{"line":54,"column":20}},"25":{"start":{"line":69,"column":26},"end":{"line":81,"column":1}},"26":{"start":{"line":74,"column":4},"end":{"line":80,"column":5}},"27":{"start":{"line":75,"column":22},"end":{"line":75,"column":46}},"28":{"start":{"line":76,"column":22},"end":{"line":76,"column":48}},"29":{"start":{"line":77,"column":8},"end":{"line":77,"column":24}},"30":{"start":{"line":79,"column":8},"end":{"line":79,"column":20}},"31":{"start":{"line":69,"column":13},"end":{"line":69,"column":26}},"32":{"start":{"line":83,"column":22},"end":{"line":96,"column":1}},"33":{"start":{"line":88,"column":4},"end":{"line":95,"column":5}},"34":{"start":{"line":89,"column":19},"end":{"line":89,"column":40}},"35":{"start":{"line":91,"column":23},"end":{"line":91,"column":43}},"36":{"start":{"line":92,"column":8},"end":{"line":92,"column":25}},"37":{"start":{"line":94,"column":8},"end":{"line":94,"column":20}},"38":{"start":{"line":83,"column":13},"end":{"line":83,"column":22}},"39":{"start":{"line":98,"column":22},"end":{"line":115,"column":1}},"40":{"start":{"line":103,"column":4},"end":{"line":114,"column":5}},"41":{"start":{"line":104,"column":19},"end":{"line":104,"column":40}},"42":{"start":{"line":105,"column":28},"end":{"line":105,"column":36}},"43":{"start":{"line":107,"column":23},"end":{"line":107,"column":45}},"44":{"start":{"line":109,"column":21},"end":{"line":109,"column":57}},"45":{"start":{"line":111,"column":8},"end":{"line":111,"column":23}},"46":{"start":{"line":113,"column":8},"end":{"line":113,"column":20}},"47":{"start":{"line":98,"column":13},"end":{"line":98,"column":22}}},"fnMap":{"0":{"name":"(anonymous_0)","decl":{"start":{"line":11,"column":23},"end":{"line":11,"column":28}},"loc":{"start":{"line":15,"column":4},"end":{"line":23,"column":1}}},"1":{"name":"(anonymous_1)","decl":{"start":{"line":25,"column":22},"end":{"line":25,"column":27}},"loc":{"start":{"line":29,"column":4},"end":{"line":52,"column":1}}},"2":{"name":"(anonymous_2)","decl":{"start":{"line":54,"column":20},"end":{"line":54,"column":25}},"loc":{"start":{"line":54,"column":78},"end":{"line":67,"column":1}}},"3":{"name":"(anonymous_3)","decl":{"start":{"line":69,"column":26},"end":{"line":69,"column":31}},"loc":{"start":{"line":73,"column":4},"end":{"line":81,"column":1}}},"4":{"name":"(anonymous_4)","decl":{"start":{"line":83,"column":22},"end":{"line":83,"column":27}},"loc":{"start":{"line":87,"column":4},"end":{"line":96,"column":1}}},"5":{"name":"(anonymous_5)","decl":{"start":{"line":98,"column":22},"end":{"line":98,"column":27}},"loc":{"start":{"line":102,"column":4},"end":{"line":115,"column":1}}}},"branchMap":{"0":{"loc":{"start":{"line":35,"column":8},"end":{"line":39,"column":9}},"type":"if","locations":[{"start":{"line":35,"column":8},"end":{"line":39,"column":9}},{"start":{},"end":{}}]},"1":{"loc":{"start":{"line":35,"column":12},"end":{"line":35,"column":28}},"type":"binary-expr","locations":[{"start":{"line":35,"column":12},"end":{"line":35,"column":18}},{"start":{"line":35,"column":22},"end":{"line":35,"column":28}}]},"2":{"loc":{"start":{"line":59,"column":12},"end":{"line":59,"column":47}},"type":"cond-expr","locations":[{"start":{"line":59,"column":21},"end":{"line":59,"column":35}},{"start":{"line":59,"column":38},"end":{"line":59,"column":47}}]},"3":{"loc":{"start":{"line":60,"column":12},"end":{"line":60,"column":45}},"type":"cond-expr","locations":[{"start":{"line":60,"column":20},"end":{"line":60,"column":33}},{"start":{"line":60,"column":36},"end":{"line":60,"column":45}}]}},"s":{"0":0,"1":0,"2":0,"3":0,"4":0,"5":0,"6":0,"7":0,"8":0,"9":0,"10":0,"11":0,"12":0,"13":0,"14":0,"15":0,"16":0,"17":0,"18":0,"19":0,"20":0,"21":0,"22":0,"23":0,"24":0,"25":0,"26":0,"27":0,"28":0,"29":0,"30":0,"31":0,"32":0,"33":0,"34":0,"35":0,"36":0,"37":0,"38":0,"39":0,"40":0,"41":0,"42":0,"43":0,"44":0,"45":0,"46":0,"47":0},"f":{"0":0,"1":0,"2":0,"3":0,"4":0,"5":0},"b":{"0":[0,0],"1":[0,0],"2":[0,0],"3":[0,0]}}
,"C:\\Users\\leosa\\Desktop\\Programacion\\petsocial-backend\\src\\controllers\\user.controller.ts": {"path":"C:\\Users\\leosa\\Desktop\\Programacion\\petsocial-backend\\src\\controllers\\user.controller.ts","statementMap":{"0":{"start":{"line":2,"column":0},"end":{"line":2,"column":77}},"1":{"start":{"line":4,"column":23},"end":{"line":19,"column":1}},"2":{"start":{"line":9,"column":4},"end":{"line":18,"column":5}},"3":{"start":{"line":10,"column":30},"end":{"line":10,"column":55}},"4":{"start":{"line":11,"column":27},"end":{"line":11,"column":36}},"5":{"start":{"line":13,"column":23},"end":{"line":13,"column":70}},"6":{"start":{"line":15,"column":8},"end":{"line":15,"column":25}},"7":{"start":{"line":17,"column":8},"end":{"line":17,"column":20}},"8":{"start":{"line":4,"column":13},"end":{"line":4,"column":23}},"9":{"start":{"line":21,"column":29},"end":{"line":39,"column":1}},"10":{"start":{"line":26,"column":4},"end":{"line":38,"column":5}},"11":{"start":{"line":27,"column":30},"end":{"line":27,"column":55}},"12":{"start":{"line":29,"column":30},"end":{"line":29,"column":38}},"13":{"start":{"line":30,"column":22},"end":{"line":30,"column":36}},"14":{"start":{"line":31,"column":27},"end":{"line":31,"column":47}},"15":{"start":{"line":33,"column":23},"end":{"line":33,"column":76}},"16":{"start":{"line":35,"column":8},"end":{"line":35,"column":25}},"17":{"start":{"line":37,"column":8},"end":{"line":37,"column":20}},"18":{"start":{"line":21,"column":13},"end":{"line":21,"column":29}}},"fnMap":{"0":{"name":"(anonymous_0)","decl":{"start":{"line":4,"column":23},"end":{"line":4,"column":28}},"loc":{"start":{"line":8,"column":4},"end":{"line":19,"column":1}}},"1":{"name":"(anonymous_1)","decl":{"start":{"line":21,"column":29},"end":{"line":21,"column":34}},"loc":{"start":{"line":25,"column":4},"end":{"line":39,"column":1}}}},"branchMap":{},"s":{"0":0,"1":0,"2":0,"3":0,"4":0,"5":0,"6":0,"7":0,"8":0,"9":0,"10":0,"11":0,"12":0,"13":0,"14":0,"15":0,"16":0,"17":0,"18":0},"f":{"0":0,"1":0},"b":{}}
,"C:\\Users\\leosa\\Desktop\\Programacion\\petsocial-backend\\src\\middlewares\\attachPet.ts": {"path":"C:\\Users\\leosa\\Desktop\\Programacion\\petsocial-backend\\src\\middlewares\\attachPet.ts","statementMap":{"0":{"start":{"line":2,"column":0},"end":{"line":2,"column":42}},"1":{"start":{"line":4,"column":25},"end":{"line":27,"column":1}},"2":{"start":{"line":9,"column":4},"end":{"line":26,"column":5}},"3":{"start":{"line":10,"column":8},"end":{"line":12,"column":9}},"4":{"start":{"line":11,"column":12},"end":{"line":11,"column":26}},"5":{"start":{"line":13,"column":23},"end":{"line":13,"column":34}},"6":{"start":{"line":15,"column":20},"end":{"line":17,"column":10}},"7":{"start":{"line":18,"column":8},"end":{"line":20,"column":9}},"8":{"start":{"line":19,"column":12},"end":{"line":19,"column":26}},"9":{"start":{"line":21,"column":8},"end":{"line":21,"column":27}},"10":{"start":{"line":23,"column":8},"end":{"line":23,"column":15}},"11":{"start":{"line":25,"column":8},"end":{"line":25,"column":20}},"12":{"start":{"line":4,"column":13},"end":{"line":4,"column":25}}},"fnMap":{"0":{"name":"(anonymous_0)","decl":{"start":{"line":4,"column":25},"end":{"line":4,"column":30}},"loc":{"start":{"line":8,"column":4},"end":{"line":27,"column":1}}}},"branchMap":{"0":{"loc":{"start":{"line":10,"column":8},"end":{"line":12,"column":9}},"type":"if","locations":[{"start":{"line":10,"column":8},"end":{"line":12,"column":9}},{"start":{},"end":{}}]},"1":{"loc":{"start":{"line":18,"column":8},"end":{"line":20,"column":9}},"type":"if","locations":[{"start":{"line":18,"column":8},"end":{"line":20,"column":9}},{"start":{},"end":{}}]}},"s":{"0":0,"1":0,"2":0,"3":0,"4":0,"5":0,"6":0,"7":0,"8":0,"9":0,"10":0,"11":0,"12":0},"f":{"0":0},"b":{"0":[0,0],"1":[0,0]}}
,"C:\\Users\\leosa\\Desktop\\Programacion\\petsocial-backend\\src\\middlewares\\auth.middleware.ts": {"path":"C:\\Users\\leosa\\Desktop\\Programacion\\petsocial-backend\\src\\middlewares\\auth.middleware.ts","statementMap":{"0":{"start":{"line":2,"column":0},"end":{"line":2,"column":64}},"1":{"start":{"line":3,"column":0},"end":{"line":3,"column":42}},"2":{"start":{"line":9,"column":30},"end":{"line":85,"column":1}},"3":{"start":{"line":14,"column":24},"end":{"line":14,"column":47}},"4":{"start":{"line":15,"column":25},"end":{"line":15,"column":49}},"5":{"start":{"line":16,"column":18},"end":{"line":16,"column":35}},"6":{"start":{"line":18,"column":4},"end":{"line":20,"column":5}},"7":{"start":{"line":19,"column":8},"end":{"line":19,"column":70}},"8":{"start":{"line":22,"column":4},"end":{"line":24,"column":5}},"9":{"start":{"line":23,"column":8},"end":{"line":23,"column":70}},"10":{"start":{"line":26,"column":4},"end":{"line":84,"column":5}},"11":{"start":{"line":27,"column":8},"end":{"line":32,"column":9}},"12":{"start":{"line":28,"column":28},"end":{"line":28,"column":66}},"13":{"start":{"line":29,"column":12},"end":{"line":29,"column":46}},"14":{"start":{"line":30,"column":12},"end":{"line":30,"column":38}},"15":{"start":{"line":31,"column":12},"end":{"line":31,"column":26}},"16":{"start":{"line":34,"column":8},"end":{"line":55,"column":9}},"17":{"start":{"line":35,"column":25},"end":{"line":37,"column":14}},"18":{"start":{"line":39,"column":12},"end":{"line":41,"column":13}},"19":{"start":{"line":40,"column":16},"end":{"line":40,"column":82}},"20":{"start":{"line":43,"column":35},"end":{"line":43,"column":63}},"21":{"start":{"line":45,"column":12},"end":{"line":50,"column":15}},"22":{"start":{"line":52,"column":12},"end":{"line":52,"column":39}},"23":{"start":{"line":53,"column":12},"end":{"line":53,"column":38}},"24":{"start":{"line":54,"column":12},"end":{"line":54,"column":26}},"25":{"start":{"line":57,"column":8},"end":{"line":57,"column":70}},"26":{"start":{"line":59,"column":8},"end":{"line":82,"column":9}},"27":{"start":{"line":60,"column":12},"end":{"line":81,"column":13}},"28":{"start":{"line":61,"column":29},"end":{"line":63,"column":18}},"29":{"start":{"line":65,"column":16},"end":{"line":78,"column":17}},"30":{"start":{"line":66,"column":43},"end":{"line":66,"column":71}},"31":{"start":{"line":68,"column":20},"end":{"line":73,"column":23}},"32":{"start":{"line":75,"column":20},"end":{"line":75,"column":47}},"33":{"start":{"line":76,"column":20},"end":{"line":76,"column":46}},"34":{"start":{"line":77,"column":20},"end":{"line":77,"column":34}},"35":{"start":{"line":80,"column":16},"end":{"line":80,"column":74}},"36":{"start":{"line":83,"column":8},"end":{"line":83,"column":66}},"37":{"start":{"line":9,"column":13},"end":{"line":9,"column":30}}},"fnMap":{"0":{"name":"(anonymous_0)","decl":{"start":{"line":9,"column":30},"end":{"line":9,"column":35}},"loc":{"start":{"line":13,"column":4},"end":{"line":85,"column":1}}}},"branchMap":{"0":{"loc":{"start":{"line":18,"column":4},"end":{"line":20,"column":5}},"type":"if","locations":[{"start":{"line":18,"column":4},"end":{"line":20,"column":5}},{"start":{},"end":{}}]},"1":{"loc":{"start":{"line":22,"column":4},"end":{"line":24,"column":5}},"type":"if","locations":[{"start":{"line":22,"column":4},"end":{"line":24,"column":5}},{"start":{},"end":{}}]},"2":{"loc":{"start":{"line":22,"column":8},"end":{"line":22,"column":37}},"type":"binary-expr","locations":[{"start":{"line":22,"column":8},"end":{"line":22,"column":20}},{"start":{"line":22,"column":24},"end":{"line":22,"column":37}}]},"3":{"loc":{"start":{"line":27,"column":8},"end":{"line":32,"column":9}},"type":"if","locations":[{"start":{"line":27,"column":8},"end":{"line":32,"column":9}},{"start":{},"end":{}}]},"4":{"loc":{"start":{"line":34,"column":8},"end":{"line":55,"column":9}},"type":"if","locations":[{"start":{"line":34,"column":8},"end":{"line":55,"column":9}},{"start":{},"end":{}}]},"5":{"loc":{"start":{"line":39,"column":12},"end":{"line":41,"column":13}},"type":"if","locations":[{"start":{"line":39,"column":12},"end":{"line":41,"column":13}},{"start":{},"end":{}}]},"6":{"loc":{"start":{"line":59,"column":8},"end":{"line":82,"column":9}},"type":"if","locations":[{"start":{"line":59,"column":8},"end":{"line":82,"column":9}},{"start":{},"end":{}}]},"7":{"loc":{"start":{"line":65,"column":16},"end":{"line":78,"column":17}},"type":"if","locations":[{"start":{"line":65,"column":16},"end":{"line":78,"column":17}},{"start":{},"end":{}}]}},"s":{"0":0,"1":0,"2":0,"3":0,"4":0,"5":0,"6":0,"7":0,"8":0,"9":0,"10":0,"11":0,"12":0,"13":0,"14":0,"15":0,"16":0,"17":0,"18":0,"19":0,"20":0,"21":0,"22":0,"23":0,"24":0,"25":0,"26":0,"27":0,"28":0,"29":0,"30":0,"31":0,"32":0,"33":0,"34":0,"35":0,"36":0,"37":0},"f":{"0":0},"b":{"0":[0,0],"1":[0,0],"2":[0,0],"3":[0,0],"4":[0,0],"5":[0,0],"6":[0,0],"7":[0,0]}}
,"C:\\Users\\leosa\\Desktop\\Programacion\\petsocial-backend\\src\\middlewares\\error.middleware.ts": {"path":"C:\\Users\\leosa\\Desktop\\Programacion\\petsocial-backend\\src\\middlewares\\error.middleware.ts","statementMap":{"0":{"start":{"line":3,"column":30},"end":{"line":18,"column":1}},"1":{"start":{"line":9,"column":4},"end":{"line":9,"column":21}},"2":{"start":{"line":11,"column":19},"end":{"line":11,"column":36}},"3":{"start":{"line":12,"column":20},"end":{"line":12,"column":58}},"4":{"start":{"line":14,"column":4},"end":{"line":17,"column":7}},"5":{"start":{"line":3,"column":13},"end":{"line":3,"column":30}}},"fnMap":{"0":{"name":"(anonymous_0)","decl":{"start":{"line":3,"column":30},"end":{"line":3,"column":null}},"loc":{"start":{"line":8,"column":4},"end":{"line":18,"column":1}}}},"branchMap":{"0":{"loc":{"start":{"line":11,"column":19},"end":{"line":11,"column":36}},"type":"binary-expr","locations":[{"start":{"line":11,"column":19},"end":{"line":11,"column":29}},{"start":{"line":11,"column":33},"end":{"line":11,"column":36}}]},"1":{"loc":{"start":{"line":12,"column":20},"end":{"line":12,"column":58}},"type":"binary-expr","locations":[{"start":{"line":12,"column":20},"end":{"line":12,"column":31}},{"start":{"line":12,"column":35},"end":{"line":12,"column":58}}]}},"s":{"0":0,"1":0,"2":0,"3":0,"4":0,"5":0},"f":{"0":0},"b":{"0":[0,0],"1":[0,0]}}
,"C:\\Users\\leosa\\Desktop\\Programacion\\petsocial-backend\\src\\middlewares\\rateLimit.middleware.ts": {"path":"C:\\Users\\leosa\\Desktop\\Programacion\\petsocial-backend\\src\\middlewares\\rateLimit.middleware.ts","statementMap":{"0":{"start":{"line":1,"column":0},"end":{"line":1,"column":43}},"1":{"start":{"line":3,"column":13},"end":{"line":12,"column":3}},"2":{"start":{"line":14,"column":13},"end":{"line":23,"column":3}},"3":{"start":{"line":25,"column":13},"end":{"line":34,"column":3}}},"fnMap":{},"branchMap":{},"s":{"0":0,"1":0,"2":0,"3":0},"f":{},"b":{}}
,"C:\\Users\\leosa\\Desktop\\Programacion\\petsocial-backend\\src\\middlewares\\socket.middleware.ts": {"path":"C:\\Users\\leosa\\Desktop\\Programacion\\petsocial-backend\\src\\middlewares\\socket.middleware.ts","statementMap":{"0":{"start":{"line":5,"column":0},"end":{"line":5,"column":16}},"1":{"start":{"line":2,"column":0},"end":{"line":2,"column":31}},"2":{"start":{"line":3,"column":0},"end":{"line":3,"column":31}},"3":{"start":{"line":6,"column":4},"end":{"line":22,"column":7}},"4":{"start":{"line":7,"column":29},"end":{"line":7,"column":60}},"5":{"start":{"line":8,"column":24},"end":{"line":8,"column":49}},"6":{"start":{"line":9,"column":22},"end":{"line":9,"column":38}},"7":{"start":{"line":10,"column":8},"end":{"line":12,"column":9}},"8":{"start":{"line":11,"column":12},"end":{"line":11,"column":78}},"9":{"start":{"line":13,"column":8},"end":{"line":21,"column":9}},"10":{"start":{"line":14,"column":28},"end":{"line":14,"column":null}},"11":{"start":{"line":17,"column":12},"end":{"line":17,"column":48}},"12":{"start":{"line":18,"column":12},"end":{"line":18,"column":19}},"13":{"start":{"line":20,"column":12},"end":{"line":20,"column":74}}},"fnMap":{"0":{"name":"applySocketAuthMiddleware","decl":{"start":{"line":5,"column":16},"end":{"line":5,"column":41}},"loc":{"start":{"line":5,"column":52},"end":{"line":23,"column":1}}},"1":{"name":"(anonymous_2)","decl":{"start":{"line":6,"column":11},"end":{"line":6,"column":12}},"loc":{"start":{"line":6,"column":36},"end":{"line":22,"column":5}}}},"branchMap":{"0":{"loc":{"start":{"line":8,"column":30},"end":{"line":8,"column":48}},"type":"binary-expr","locations":[{"start":{"line":8,"column":30},"end":{"line":8,"column":42}},{"start":{"line":8,"column":46},"end":{"line":8,"column":48}}]},"1":{"loc":{"start":{"line":10,"column":8},"end":{"line":12,"column":9}},"type":"if","locations":[{"start":{"line":10,"column":8},"end":{"line":12,"column":9}},{"start":{},"end":{}}]}},"s":{"0":0,"1":0,"2":0,"3":0,"4":0,"5":0,"6":0,"7":0,"8":0,"9":0,"10":0,"11":0,"12":0,"13":0},"f":{"0":0,"1":0},"b":{"0":[0,0],"1":[0,0]}}
,"C:\\Users\\leosa\\Desktop\\Programacion\\petsocial-backend\\src\\middlewares\\upload.middleware.ts": {"path":"C:\\Users\\leosa\\Desktop\\Programacion\\petsocial-backend\\src\\middlewares\\upload.middleware.ts","statementMap":{"0":{"start":{"line":1,"column":0},"end":{"line":1,"column":28}},"1":{"start":{"line":2,"column":0},"end":{"line":2,"column":62}},"2":{"start":{"line":3,"column":0},"end":{"line":3,"column":46}},"3":{"start":{"line":5,"column":13},"end":{"line":13,"column":3}},"4":{"start":{"line":15,"column":13},"end":{"line":23,"column":3}}},"fnMap":{},"branchMap":{},"s":{"0":0,"1":0,"2":0,"3":0,"4":0},"f":{},"b":{}}
,"C:\\Users\\leosa\\Desktop\\Programacion\\petsocial-backend\\src\\middlewares\\validate.middleware.ts": {"path":"C:\\Users\\leosa\\Desktop\\Programacion\\petsocial-backend\\src\\middlewares\\validate.middleware.ts","statementMap":{"0":{"start":{"line":3,"column":0},"end":{"line":3,"column":47}},"1":{"start":{"line":6,"column":4},"end":{"line":14,"column":5}},"2":{"start":{"line":7,"column":4},"end":{"line":14,"column":5}},"3":{"start":{"line":8,"column":8},"end":{"line":13,"column":9}},"4":{"start":{"line":9,"column":12},"end":{"line":9,"column":46}},"5":{"start":{"line":10,"column":12},"end":{"line":10,"column":19}},"6":{"start":{"line":12,"column":12},"end":{"line":12,"column":62}},"7":{"start":{"line":5,"column":13},"end":{"line":5,"column":null}}},"fnMap":{"0":{"name":"(anonymous_0)","decl":{"start":{"line":6,"column":4},"end":{"line":6,"column":5}},"loc":{"start":{"line":7,"column":4},"end":{"line":14,"column":5}}},"1":{"name":"(anonymous_1)","decl":{"start":{"line":7,"column":4},"end":{"line":7,"column":5}},"loc":{"start":{"line":7,"column":56},"end":{"line":14,"column":5}}}},"branchMap":{},"s":{"0":0,"1":0,"2":0,"3":0,"4":0,"5":0,"6":0,"7":0},"f":{"0":0,"1":0},"b":{}}
,"C:\\Users\\leosa\\Desktop\\Programacion\\petsocial-backend\\src\\routes\\auth.routes.ts": {"path":"C:\\Users\\leosa\\Desktop\\Programacion\\petsocial-backend\\src\\routes\\auth.routes.ts","statementMap":{"0":{"start":{"line":1,"column":0},"end":{"line":1,"column":33}},"1":{"start":{"line":2,"column":0},"end":{"line":2,"column":87}},"2":{"start":{"line":3,"column":0},"end":{"line":3,"column":62}},"3":{"start":{"line":4,"column":0},"end":{"line":4,"column":77}},"4":{"start":{"line":6,"column":15},"end":{"line":6,"column":23}},"5":{"start":{"line":8,"column":0},"end":{"line":8,"column":61}},"6":{"start":{"line":9,"column":0},"end":{"line":9,"column":52}},"7":{"start":{"line":10,"column":0},"end":{"line":10,"column":38}},"8":{"start":{"line":11,"column":0},"end":{"line":11,"column":31}},"9":{"start":{"line":13,"column":0},"end":{"line":13,"column":22}}},"fnMap":{},"branchMap":{},"s":{"0":0,"1":0,"2":0,"3":0,"4":0,"5":0,"6":0,"7":0,"8":0,"9":0},"f":{},"b":{}}
,"C:\\Users\\leosa\\Desktop\\Programacion\\petsocial-backend\\src\\routes\\comment.routes.ts": {"path":"C:\\Users\\leosa\\Desktop\\Programacion\\petsocial-backend\\src\\routes\\comment.routes.ts","statementMap":{"0":{"start":{"line":1,"column":0},"end":{"line":1,"column":33}},"1":{"start":{"line":2,"column":0},"end":{"line":2,"column":64}},"2":{"start":{"line":3,"column":0},"end":{"line":3,"column":67}},"3":{"start":{"line":4,"column":0},"end":{"line":4,"column":53}},"4":{"start":{"line":6,"column":15},"end":{"line":6,"column":23}},"5":{"start":{"line":8,"column":0},"end":{"line":8,"column":31}},"6":{"start":{"line":9,"column":0},"end":{"line":9,"column":38}},"7":{"start":{"line":11,"column":0},"end":{"line":11,"column":32}},"8":{"start":{"line":13,"column":0},"end":{"line":13,"column":22}}},"fnMap":{},"branchMap":{},"s":{"0":0,"1":0,"2":0,"3":0,"4":0,"5":0,"6":0,"7":0,"8":0},"f":{},"b":{}}
,"C:\\Users\\leosa\\Desktop\\Programacion\\petsocial-backend\\src\\routes\\conversation.routes.ts": {"path":"C:\\Users\\leosa\\Desktop\\Programacion\\petsocial-backend\\src\\routes\\conversation.routes.ts","statementMap":{"0":{"start":{"line":1,"column":0},"end":{"line":1,"column":33}},"1":{"start":{"line":2,"column":0},"end":{"line":2,"column":64}},"2":{"start":{"line":3,"column":0},"end":{"line":3,"column":null}},"3":{"start":{"line":8,"column":15},"end":{"line":8,"column":23}},"4":{"start":{"line":10,"column":0},"end":{"line":10,"column":50}},"5":{"start":{"line":11,"column":0},"end":{"line":11,"column":66}},"6":{"start":{"line":13,"column":0},"end":{"line":13,"column":22}}},"fnMap":{},"branchMap":{},"s":{"0":0,"1":0,"2":0,"3":0,"4":0,"5":0,"6":0},"f":{},"b":{}}
,"C:\\Users\\leosa\\Desktop\\Programacion\\petsocial-backend\\src\\routes\\follow.routes.ts": {"path":"C:\\Users\\leosa\\Desktop\\Programacion\\petsocial-backend\\src\\routes\\follow.routes.ts","statementMap":{"0":{"start":{"line":1,"column":0},"end":{"line":1,"column":33}},"1":{"start":{"line":2,"column":0},"end":{"line":2,"column":64}},"2":{"start":{"line":3,"column":0},"end":{"line":3,"column":80}},"3":{"start":{"line":4,"column":0},"end":{"line":4,"column":53}},"4":{"start":{"line":6,"column":15},"end":{"line":6,"column":23}},"5":{"start":{"line":8,"column":0},"end":{"line":8,"column":38}},"6":{"start":{"line":11,"column":0},"end":{"line":11,"column":31}},"7":{"start":{"line":14,"column":0},"end":{"line":14,"column":43}},"8":{"start":{"line":17,"column":0},"end":{"line":17,"column":43}},"9":{"start":{"line":19,"column":0},"end":{"line":19,"column":22}}},"fnMap":{},"branchMap":{},"s":{"0":0,"1":0,"2":0,"3":0,"4":0,"5":0,"6":0,"7":0,"8":0,"9":0},"f":{},"b":{}}
,"C:\\Users\\leosa\\Desktop\\Programacion\\petsocial-backend\\src\\routes\\like.routes.ts": {"path":"C:\\Users\\leosa\\Desktop\\Programacion\\petsocial-backend\\src\\routes\\like.routes.ts","statementMap":{"0":{"start":{"line":1,"column":0},"end":{"line":1,"column":33}},"1":{"start":{"line":2,"column":0},"end":{"line":2,"column":64}},"2":{"start":{"line":3,"column":0},"end":{"line":3,"column":64}},"3":{"start":{"line":4,"column":0},"end":{"line":4,"column":53}},"4":{"start":{"line":6,"column":15},"end":{"line":6,"column":23}},"5":{"start":{"line":8,"column":0},"end":{"line":8,"column":38}},"6":{"start":{"line":10,"column":0},"end":{"line":10,"column":32}},"7":{"start":{"line":11,"column":0},"end":{"line":11,"column":39}},"8":{"start":{"line":13,"column":0},"end":{"line":13,"column":22}}},"fnMap":{},"branchMap":{},"s":{"0":0,"1":0,"2":0,"3":0,"4":0,"5":0,"6":0,"7":0,"8":0},"f":{},"b":{}}
,"C:\\Users\\leosa\\Desktop\\Programacion\\petsocial-backend\\src\\routes\\notifications.routes.ts": {"path":"C:\\Users\\leosa\\Desktop\\Programacion\\petsocial-backend\\src\\routes\\notifications.routes.ts","statementMap":{"0":{"start":{"line":1,"column":0},"end":{"line":1,"column":33}},"1":{"start":{"line":2,"column":0},"end":{"line":2,"column":82}},"2":{"start":{"line":3,"column":0},"end":{"line":3,"column":53}},"3":{"start":{"line":5,"column":15},"end":{"line":5,"column":23}},"4":{"start":{"line":7,"column":0},"end":{"line":7,"column":22}},"5":{"start":{"line":8,"column":0},"end":{"line":8,"column":63}},"6":{"start":{"line":10,"column":0},"end":{"line":10,"column":67}},"7":{"start":{"line":12,"column":0},"end":{"line":12,"column":22}}},"fnMap":{},"branchMap":{},"s":{"0":0,"1":0,"2":0,"3":0,"4":0,"5":0,"6":0,"7":0},"f":{},"b":{}}
,"C:\\Users\\leosa\\Desktop\\Programacion\\petsocial-backend\\src\\routes\\pet.routes.ts": {"path":"C:\\Users\\leosa\\Desktop\\Programacion\\petsocial-backend\\src\\routes\\pet.routes.ts","statementMap":{"0":{"start":{"line":1,"column":0},"end":{"line":1,"column":33}},"1":{"start":{"line":2,"column":0},"end":{"line":2,"column":64}},"2":{"start":{"line":3,"column":0},"end":{"line":3,"column":79}},"3":{"start":{"line":4,"column":0},"end":{"line":4,"column":60}},"4":{"start":{"line":5,"column":0},"end":{"line":5,"column":53}},"5":{"start":{"line":7,"column":15},"end":{"line":7,"column":23}},"6":{"start":{"line":9,"column":0},"end":{"line":9,"column":38}},"7":{"start":{"line":11,"column":0},"end":{"line":11,"column":51}},"8":{"start":{"line":12,"column":0},"end":{"line":12,"column":26}},"9":{"start":{"line":13,"column":0},"end":{"line":13,"column":53}},"10":{"start":{"line":14,"column":0},"end":{"line":14,"column":30}},"11":{"start":{"line":16,"column":0},"end":{"line":16,"column":22}}},"fnMap":{},"branchMap":{},"s":{"0":0,"1":0,"2":0,"3":0,"4":0,"5":0,"6":0,"7":0,"8":0,"9":0,"10":0,"11":0},"f":{},"b":{}}
,"C:\\Users\\leosa\\Desktop\\Programacion\\petsocial-backend\\src\\routes\\post.routes.ts": {"path":"C:\\Users\\leosa\\Desktop\\Programacion\\petsocial-backend\\src\\routes\\post.routes.ts","statementMap":{"0":{"start":{"line":1,"column":0},"end":{"line":1,"column":33}},"1":{"start":{"line":2,"column":0},"end":{"line":2,"column":64}},"2":{"start":{"line":3,"column":0},"end":{"line":3,"column":null}},"3":{"start":{"line":11,"column":0},"end":{"line":11,"column":61}},"4":{"start":{"line":14,"column":15},"end":{"line":14,"column":23}},"5":{"start":{"line":16,"column":0},"end":{"line":16,"column":26}},"6":{"start":{"line":17,"column":0},"end":{"line":17,"column":38}},"7":{"start":{"line":18,"column":0},"end":{"line":18,"column":27}},"8":{"start":{"line":19,"column":0},"end":{"line":19,"column":28}},"9":{"start":{"line":20,"column":0},"end":{"line":20,"column":52}},"10":{"start":{"line":21,"column":0},"end":{"line":21,"column":30}},"11":{"start":{"line":22,"column":0},"end":{"line":22,"column":54}},"12":{"start":{"line":23,"column":0},"end":{"line":23,"column":22}}},"fnMap":{},"branchMap":{},"s":{"0":0,"1":0,"2":0,"3":0,"4":0,"5":0,"6":0,"7":0,"8":0,"9":0,"10":0,"11":0,"12":0},"f":{},"b":{}}
,"C:\\Users\\leosa\\Desktop\\Programacion\\petsocial-backend\\src\\routes\\user.routes.ts": {"path":"C:\\Users\\leosa\\Desktop\\Programacion\\petsocial-backend\\src\\routes\\user.routes.ts","statementMap":{"0":{"start":{"line":1,"column":0},"end":{"line":1,"column":33}},"1":{"start":{"line":2,"column":0},"end":{"line":2,"column":64}},"2":{"start":{"line":3,"column":0},"end":{"line":3,"column":72}},"3":{"start":{"line":5,"column":0},"end":{"line":5,"column":60}},"4":{"start":{"line":7,"column":15},"end":{"line":7,"column":23}},"5":{"start":{"line":9,"column":0},"end":{"line":9,"column":40}},"6":{"start":{"line":10,"column":0},"end":{"line":10,"column":80}},"7":{"start":{"line":12,"column":0},"end":{"line":12,"column":22}}},"fnMap":{},"branchMap":{},"s":{"0":0,"1":0,"2":0,"3":0,"4":0,"5":0,"6":0,"7":0},"f":{},"b":{}}
,"C:\\Users\\leosa\\Desktop\\Programacion\\petsocial-backend\\src\\services\\auth.services.ts": {"path":"C:\\Users\\leosa\\Desktop\\Programacion\\petsocial-backend\\src\\services\\auth.services.ts","statementMap":{"0":{"start":{"line":1,"column":0},"end":{"line":1,"column":28}},"1":{"start":{"line":2,"column":0},"end":{"line":2,"column":42}},"2":{"start":{"line":3,"column":0},"end":{"line":3,"column":105}},"3":{"start":{"line":4,"column":0},"end":{"line":4,"column":47}},"4":{"start":{"line":17,"column":28},"end":{"line":41,"column":1}},"5":{"start":{"line":22,"column":19},"end":{"line":24,"column":6}},"6":{"start":{"line":26,"column":4},"end":{"line":28,"column":5}},"7":{"start":{"line":27,"column":8},"end":{"line":27,"column":57}},"8":{"start":{"line":30,"column":27},"end":{"line":30,"column":58}},"9":{"start":{"line":32,"column":17},"end":{"line":38,"column":6}},"10":{"start":{"line":40,"column":4},"end":{"line":40,"column":16}},"11":{"start":{"line":17,"column":13},"end":{"line":17,"column":28}},"12":{"start":{"line":43,"column":25},"end":{"line":80,"column":1}},"13":{"start":{"line":44,"column":17},"end":{"line":46,"column":6}},"14":{"start":{"line":48,"column":4},"end":{"line":50,"column":5}},"15":{"start":{"line":49,"column":8},"end":{"line":49,"column":56}},"16":{"start":{"line":52,"column":28},"end":{"line":52,"column":73}},"17":{"start":{"line":54,"column":4},"end":{"line":56,"column":5}},"18":{"start":{"line":55,"column":8},"end":{"line":55,"column":56}},"19":{"start":{"line":58,"column":17},"end":{"line":60,"column":6}},"20":{"start":{"line":62,"column":24},"end":{"line":62,"column":52}},"21":{"start":{"line":63,"column":25},"end":{"line":63,"column":54}},"22":{"start":{"line":65,"column":4},"end":{"line":68,"column":7}},"23":{"start":{"line":70,"column":4},"end":{"line":79,"column":6}},"24":{"start":{"line":43,"column":13},"end":{"line":43,"column":25}},"25":{"start":{"line":82,"column":34},"end":{"line":109,"column":1}},"26":{"start":{"line":83,"column":4},"end":{"line":108,"column":5}},"27":{"start":{"line":84,"column":24},"end":{"line":84,"column":70}},"28":{"start":{"line":86,"column":21},"end":{"line":88,"column":10}},"29":{"start":{"line":90,"column":8},"end":{"line":92,"column":9}},"30":{"start":{"line":91,"column":12},"end":{"line":91,"column":62}},"31":{"start":{"line":94,"column":31},"end":{"line":94,"column":59}},"32":{"start":{"line":95,"column":32},"end":{"line":95,"column":61}},"33":{"start":{"line":97,"column":8},"end":{"line":100,"column":11}},"34":{"start":{"line":102,"column":8},"end":{"line":105,"column":10}},"35":{"start":{"line":107,"column":8},"end":{"line":107,"column":69}},"36":{"start":{"line":82,"column":13},"end":{"line":82,"column":34}},"37":{"start":{"line":111,"column":26},"end":{"line":116,"column":1}},"38":{"start":{"line":112,"column":4},"end":{"line":115,"column":7}},"39":{"start":{"line":111,"column":13},"end":{"line":111,"column":26}}},"fnMap":{"0":{"name":"(anonymous_1)","decl":{"start":{"line":17,"column":28},"end":{"line":17,"column":33}},"loc":{"start":{"line":21,"column":20},"end":{"line":41,"column":1}}},"1":{"name":"(anonymous_2)","decl":{"start":{"line":43,"column":25},"end":{"line":43,"column":30}},"loc":{"start":{"line":43,"column":67},"end":{"line":80,"column":1}}},"2":{"name":"(anonymous_3)","decl":{"start":{"line":82,"column":34},"end":{"line":82,"column":39}},"loc":{"start":{"line":82,"column":65},"end":{"line":109,"column":1}}},"3":{"name":"(anonymous_4)","decl":{"start":{"line":111,"column":26},"end":{"line":111,"column":31}},"loc":{"start":{"line":111,"column":51},"end":{"line":116,"column":1}}}},"branchMap":{"0":{"loc":{"start":{"line":26,"column":4},"end":{"line":28,"column":5}},"type":"if","locations":[{"start":{"line":26,"column":4},"end":{"line":28,"column":5}},{"start":{},"end":{}}]},"1":{"loc":{"start":{"line":48,"column":4},"end":{"line":50,"column":5}},"type":"if","locations":[{"start":{"line":48,"column":4},"end":{"line":50,"column":5}},{"start":{},"end":{}}]},"2":{"loc":{"start":{"line":54,"column":4},"end":{"line":56,"column":5}},"type":"if","locations":[{"start":{"line":54,"column":4},"end":{"line":56,"column":5}},{"start":{},"end":{}}]},"3":{"loc":{"start":{"line":90,"column":8},"end":{"line":92,"column":9}},"type":"if","locations":[{"start":{"line":90,"column":8},"end":{"line":92,"column":9}},{"start":{},"end":{}}]},"4":{"loc":{"start":{"line":90,"column":12},"end":{"line":90,"column":55}},"type":"binary-expr","locations":[{"start":{"line":90,"column":12},"end":{"line":90,"column":17}},{"start":{"line":90,"column":21},"end":{"line":90,"column":55}}]}},"s":{"0":1,"1":1,"2":1,"3":1,"4":1,"5":2,"6":2,"7":1,"8":1,"9":1,"10":1,"11":1,"12":1,"13":3,"14":3,"15":1,"16":2,"17":2,"18":1,"19":1,"20":1,"21":1,"22":1,"23":1,"24":1,"25":1,"26":0,"27":0,"28":0,"29":0,"30":0,"31":0,"32":0,"33":0,"34":0,"35":0,"36":1,"37":1,"38":0,"39":1},"f":{"0":2,"1":3,"2":0,"3":0},"b":{"0":[1,1],"1":[1,2],"2":[1,1],"3":[0,0],"4":[0,0]}}
,"C:\\Users\\leosa\\Desktop\\Programacion\\petsocial-backend\\src\\services\\comment.services.ts": {"path":"C:\\Users\\leosa\\Desktop\\Programacion\\petsocial-backend\\src\\services\\comment.services.ts","statementMap":{"0":{"start":{"line":1,"column":0},"end":{"line":1,"column":42}},"1":{"start":{"line":2,"column":0},"end":{"line":2,"column":62}},"2":{"start":{"line":4,"column":29},"end":{"line":37,"column":1}},"3":{"start":{"line":9,"column":17},"end":{"line":14,"column":6}},"4":{"start":{"line":15,"column":4},"end":{"line":15,"column":53}},"5":{"start":{"line":15,"column":15},"end":{"line":15,"column":53}},"6":{"start":{"line":17,"column":20},"end":{"line":23,"column":6}},"7":{"start":{"line":24,"column":4},"end":{"line":35,"column":5}},"8":{"start":{"line":25,"column":22},"end":{"line":27,"column":10}},"9":{"start":{"line":29,"column":8},"end":{"line":34,"column":10}},"10":{"start":{"line":36,"column":4},"end":{"line":36,"column":19}},"11":{"start":{"line":4,"column":13},"end":{"line":4,"column":29}},"12":{"start":{"line":39,"column":33},"end":{"line":53,"column":1}},"13":{"start":{"line":40,"column":4},"end":{"line":52,"column":7}},"14":{"start":{"line":39,"column":13},"end":{"line":39,"column":33}}},"fnMap":{"0":{"name":"(anonymous_0)","decl":{"start":{"line":4,"column":29},"end":{"line":4,"column":34}},"loc":{"start":{"line":8,"column":4},"end":{"line":37,"column":1}}},"1":{"name":"(anonymous_1)","decl":{"start":{"line":39,"column":33},"end":{"line":39,"column":38}},"loc":{"start":{"line":39,"column":58},"end":{"line":53,"column":1}}}},"branchMap":{"0":{"loc":{"start":{"line":15,"column":4},"end":{"line":15,"column":53}},"type":"if","locations":[{"start":{"line":15,"column":4},"end":{"line":15,"column":53}},{"start":{},"end":{}}]},"1":{"loc":{"start":{"line":24,"column":4},"end":{"line":35,"column":5}},"type":"if","locations":[{"start":{"line":24,"column":4},"end":{"line":35,"column":5}},{"start":{},"end":{}}]},"2":{"loc":{"start":{"line":31,"column":12},"end":{"line":31,"column":26}},"type":"binary-expr","locations":[{"start":{"line":31,"column":12},"end":{"line":31,"column":21}},{"start":{"line":31,"column":25},"end":{"line":31,"column":26}}]}},"s":{"0":0,"1":0,"2":0,"3":0,"4":0,"5":0,"6":0,"7":0,"8":0,"9":0,"10":0,"11":0,"12":0,"13":0,"14":0},"f":{"0":0,"1":0},"b":{"0":[0,0],"1":[0,0],"2":[0,0]}}
,"C:\\Users\\leosa\\Desktop\\Programacion\\petsocial-backend\\src\\services\\conversation.service.ts": {"path":"C:\\Users\\leosa\\Desktop\\Programacion\\petsocial-backend\\src\\services\\conversation.service.ts","statementMap":{"0":{"start":{"line":1,"column":0},"end":{"line":1,"column":42}},"1":{"start":{"line":3,"column":36},"end":{"line":54,"column":1}},"2":{"start":{"line":4,"column":26},"end":{"line":40,"column":6}},"3":{"start":{"line":41,"column":36},"end":{"line":51,"column":null}},"4":{"start":{"line":43,"column":32},"end":{"line":49,"column":14}},"5":{"start":{"line":50,"column":12},"end":{"line":50,"column":44}},"6":{"start":{"line":53,"column":4},"end":{"line":53,"column":35}},"7":{"start":{"line":3,"column":13},"end":{"line":3,"column":36}},"8":{"start":{"line":56,"column":35},"end":{"line":93,"column":1}},"9":{"start":{"line":61,"column":22},"end":{"line":61,"column":24}},"10":{"start":{"line":62,"column":24},"end":{"line":69,"column":6}},"11":{"start":{"line":70,"column":4},"end":{"line":72,"column":5}},"12":{"start":{"line":71,"column":8},"end":{"line":71,"column":63}},"13":{"start":{"line":73,"column":20},"end":{"line":91,"column":6}},"14":{"start":{"line":92,"column":4},"end":{"line":92,"column":29}},"15":{"start":{"line":56,"column":13},"end":{"line":56,"column":35}}},"fnMap":{"0":{"name":"(anonymous_0)","decl":{"start":{"line":3,"column":36},"end":{"line":3,"column":41}},"loc":{"start":{"line":3,"column":61},"end":{"line":54,"column":1}}},"1":{"name":"(anonymous_1)","decl":{"start":{"line":42,"column":26},"end":{"line":42,"column":31}},"loc":{"start":{"line":42,"column":41},"end":{"line":51,"column":9}}},"2":{"name":"(anonymous_2)","decl":{"start":{"line":56,"column":35},"end":{"line":56,"column":40}},"loc":{"start":{"line":60,"column":4},"end":{"line":93,"column":1}}}},"branchMap":{"0":{"loc":{"start":{"line":59,"column":4},"end":{"line":59,"column":12}},"type":"default-arg","locations":[{"start":{"line":59,"column":11},"end":{"line":59,"column":12}}]},"1":{"loc":{"start":{"line":70,"column":4},"end":{"line":72,"column":5}},"type":"if","locations":[{"start":{"line":70,"column":4},"end":{"line":72,"column":5}},{"start":{},"end":{}}]}},"s":{"0":0,"1":0,"2":0,"3":0,"4":0,"5":0,"6":0,"7":0,"8":0,"9":0,"10":0,"11":0,"12":0,"13":0,"14":0,"15":0},"f":{"0":0,"1":0,"2":0},"b":{"0":[0],"1":[0,0]}}
,"C:\\Users\\leosa\\Desktop\\Programacion\\petsocial-backend\\src\\services\\follow.service.ts": {"path":"C:\\Users\\leosa\\Desktop\\Programacion\\petsocial-backend\\src\\services\\follow.service.ts","statementMap":{"0":{"start":{"line":1,"column":0},"end":{"line":1,"column":42}},"1":{"start":{"line":2,"column":0},"end":{"line":2,"column":47}},"2":{"start":{"line":3,"column":0},"end":{"line":3,"column":62}},"3":{"start":{"line":5,"column":28},"end":{"line":40,"column":1}},"4":{"start":{"line":6,"column":4},"end":{"line":8,"column":5}},"5":{"start":{"line":7,"column":8},"end":{"line":7,"column":63}},"6":{"start":{"line":10,"column":21},"end":{"line":17,"column":6}},"7":{"start":{"line":19,"column":4},"end":{"line":24,"column":5}},"8":{"start":{"line":20,"column":8},"end":{"line":22,"column":11}},"9":{"start":{"line":23,"column":8},"end":{"line":23,"column":36}},"10":{"start":{"line":26,"column":4},"end":{"line":31,"column":7}},"11":{"start":{"line":32,"column":4},"end":{"line":38,"column":5}},"12":{"start":{"line":33,"column":22},"end":{"line":35,"column":10}},"13":{"start":{"line":37,"column":8},"end":{"line":37,"column":72}},"14":{"start":{"line":39,"column":4},"end":{"line":39,"column":31}},"15":{"start":{"line":5,"column":13},"end":{"line":5,"column":28}},"16":{"start":{"line":42,"column":28},"end":{"line":73,"column":1}},"17":{"start":{"line":43,"column":22},"end":{"line":70,"column":6}},"18":{"start":{"line":72,"column":4},"end":{"line":72,"column":21}},"19":{"start":{"line":42,"column":13},"end":{"line":42,"column":28}},"20":{"start":{"line":75,"column":28},"end":{"line":106,"column":1}},"21":{"start":{"line":76,"column":22},"end":{"line":103,"column":6}},"22":{"start":{"line":105,"column":4},"end":{"line":105,"column":21}},"23":{"start":{"line":75,"column":13},"end":{"line":75,"column":28}}},"fnMap":{"0":{"name":"(anonymous_0)","decl":{"start":{"line":5,"column":28},"end":{"line":5,"column":33}},"loc":{"start":{"line":5,"column":78},"end":{"line":40,"column":1}}},"1":{"name":"(anonymous_1)","decl":{"start":{"line":42,"column":28},"end":{"line":42,"column":33}},"loc":{"start":{"line":42,"column":69},"end":{"line":73,"column":1}}},"2":{"name":"(anonymous_2)","decl":{"start":{"line":75,"column":28},"end":{"line":75,"column":33}},"loc":{"start":{"line":75,"column":69},"end":{"line":106,"column":1}}}},"branchMap":{"0":{"loc":{"start":{"line":6,"column":4},"end":{"line":8,"column":5}},"type":"if","locations":[{"start":{"line":6,"column":4},"end":{"line":8,"column":5}},{"start":{},"end":{}}]},"1":{"loc":{"start":{"line":19,"column":4},"end":{"line":24,"column":5}},"type":"if","locations":[{"start":{"line":19,"column":4},"end":{"line":24,"column":5}},{"start":{},"end":{}}]},"2":{"loc":{"start":{"line":32,"column":4},"end":{"line":38,"column":5}},"type":"if","locations":[{"start":{"line":32,"column":4},"end":{"line":38,"column":5}},{"start":{},"end":{}}]},"3":{"loc":{"start":{"line":37,"column":46},"end":{"line":37,"column":60}},"type":"binary-expr","locations":[{"start":{"line":37,"column":46},"end":{"line":37,"column":55}},{"start":{"line":37,"column":59},"end":{"line":37,"column":60}}]},"4":{"loc":{"start":{"line":50,"column":12},"end":{"line":55,"column":10}},"type":"binary-expr","locations":[{"start":{"line":50,"column":12},"end":{"line":50,"column":18}},{"start":{"line":50,"column":22},"end":{"line":55,"column":10}}]},"5":{"loc":{"start":{"line":83,"column":12},"end":{"line":88,"column":10}},"type":"binary-expr","locations":[{"start":{"line":83,"column":12},"end":{"line":83,"column":18}},{"start":{"line":83,"column":22},"end":{"line":88,"column":10}}]}},"s":{"0":0,"1":0,"2":0,"3":0,"4":0,"5":0,"6":0,"7":0,"8":0,"9":0,"10":0,"11":0,"12":0,"13":0,"14":0,"15":0,"16":0,"17":0,"18":0,"19":0,"20":0,"21":0,"22":0,"23":0},"f":{"0":0,"1":0,"2":0},"b":{"0":[0,0],"1":[0,0],"2":[0,0],"3":[0,0],"4":[0,0],"5":[0,0]}}
,"C:\\Users\\leosa\\Desktop\\Programacion\\petsocial-backend\\src\\services\\like.services.ts": {"path":"C:\\Users\\leosa\\Desktop\\Programacion\\petsocial-backend\\src\\services\\like.services.ts","statementMap":{"0":{"start":{"line":1,"column":0},"end":{"line":1,"column":42}},"1":{"start":{"line":2,"column":0},"end":{"line":2,"column":62}},"2":{"start":{"line":4,"column":26},"end":{"line":54,"column":1}},"3":{"start":{"line":7,"column":17},"end":{"line":12,"column":6}},"4":{"start":{"line":14,"column":4},"end":{"line":16,"column":5}},"5":{"start":{"line":15,"column":8},"end":{"line":15,"column":46}},"6":{"start":{"line":18,"column":25},"end":{"line":25,"column":6}},"7":{"start":{"line":27,"column":4},"end":{"line":33,"column":5}},"8":{"start":{"line":28,"column":8},"end":{"line":30,"column":11}},"9":{"start":{"line":32,"column":8},"end":{"line":32,"column":39}},"10":{"start":{"line":35,"column":4},"end":{"line":40,"column":7}},"11":{"start":{"line":41,"column":4},"end":{"line":52,"column":5}},"12":{"start":{"line":42,"column":22},"end":{"line":44,"column":10}},"13":{"start":{"line":46,"column":8},"end":{"line":51,"column":10}},"14":{"start":{"line":53,"column":4},"end":{"line":53,"column":40}},"15":{"start":{"line":4,"column":13},"end":{"line":4,"column":26}},"16":{"start":{"line":56,"column":30},"end":{"line":69,"column":1}},"17":{"start":{"line":57,"column":4},"end":{"line":68,"column":7}},"18":{"start":{"line":56,"column":13},"end":{"line":56,"column":30}}},"fnMap":{"0":{"name":"(anonymous_0)","decl":{"start":{"line":4,"column":26},"end":{"line":4,"column":31}},"loc":{"start":{"line":4,"column":66},"end":{"line":54,"column":1}}},"1":{"name":"(anonymous_1)","decl":{"start":{"line":56,"column":30},"end":{"line":56,"column":35}},"loc":{"start":{"line":56,"column":55},"end":{"line":69,"column":1}}}},"branchMap":{"0":{"loc":{"start":{"line":14,"column":4},"end":{"line":16,"column":5}},"type":"if","locations":[{"start":{"line":14,"column":4},"end":{"line":16,"column":5}},{"start":{},"end":{}}]},"1":{"loc":{"start":{"line":27,"column":4},"end":{"line":33,"column":5}},"type":"if","locations":[{"start":{"line":27,"column":4},"end":{"line":33,"column":5}},{"start":{},"end":{}}]},"2":{"loc":{"start":{"line":41,"column":4},"end":{"line":52,"column":5}},"type":"if","locations":[{"start":{"line":41,"column":4},"end":{"line":52,"column":5}},{"start":{},"end":{}}]},"3":{"loc":{"start":{"line":48,"column":12},"end":{"line":48,"column":26}},"type":"binary-expr","locations":[{"start":{"line":48,"column":12},"end":{"line":48,"column":21}},{"start":{"line":48,"column":25},"end":{"line":48,"column":26}}]}},"s":{"0":0,"1":0,"2":0,"3":0,"4":0,"5":0,"6":0,"7":0,"8":0,"9":0,"10":0,"11":0,"12":0,"13":0,"14":0,"15":0,"16":0,"17":0,"18":0},"f":{"0":0,"1":0},"b":{"0":[0,0],"1":[0,0],"2":[0,0],"3":[0,0]}}
,"C:\\Users\\leosa\\Desktop\\Programacion\\petsocial-backend\\src\\services\\notifications.services.ts": {"path":"C:\\Users\\leosa\\Desktop\\Programacion\\petsocial-backend\\src\\services\\notifications.services.ts","statementMap":{"0":{"start":{"line":2,"column":0},"end":{"line":2,"column":42}},"1":{"start":{"line":3,"column":0},"end":{"line":3,"column":31}},"2":{"start":{"line":5,"column":34},"end":{"line":44,"column":1}},"3":{"start":{"line":11,"column":18},"end":{"line":11,"column":20}},"4":{"start":{"line":13,"column":18},"end":{"line":15,"column":6}},"5":{"start":{"line":17,"column":4},"end":{"line":19,"column":5}},"6":{"start":{"line":18,"column":8},"end":{"line":18,"column":65}},"7":{"start":{"line":21,"column":4},"end":{"line":23,"column":5}},"8":{"start":{"line":22,"column":8},"end":{"line":22,"column":59}},"9":{"start":{"line":25,"column":4},"end":{"line":27,"column":5}},"10":{"start":{"line":26,"column":8},"end":{"line":26,"column":54}},"11":{"start":{"line":29,"column":25},"end":{"line":41,"column":6}},"12":{"start":{"line":42,"column":4},"end":{"line":42,"column":67}},"13":{"start":{"line":43,"column":4},"end":{"line":43,"column":24}},"14":{"start":{"line":5,"column":13},"end":{"line":5,"column":34}},"15":{"start":{"line":46,"column":36},"end":{"line":106,"column":1}},"16":{"start":{"line":47,"column":26},"end":{"line":65,"column":6}},"17":{"start":{"line":68,"column":20},"end":{"line":68,"column":29}},"18":{"start":{"line":70,"column":4},"end":{"line":98,"column":5}},"19":{"start":{"line":71,"column":20},"end":{"line":71,"column":64}},"20":{"start":{"line":73,"column":8},"end":{"line":97,"column":9}},"21":{"start":{"line":74,"column":12},"end":{"line":79,"column":15}},"22":{"start":{"line":81,"column":29},"end":{"line":81,"column":45}},"23":{"start":{"line":84,"column":12},"end":{"line":89,"column":13}},"24":{"start":{"line":86,"column":50},"end":{"line":86,"column":74}},"25":{"start":{"line":88,"column":16},"end":{"line":88,"column":50}},"26":{"start":{"line":91,"column":12},"end":{"line":91,"column":32}},"27":{"start":{"line":94,"column":12},"end":{"line":96,"column":13}},"28":{"start":{"line":95,"column":16},"end":{"line":95,"column":54}},"29":{"start":{"line":101,"column":19},"end":{"line":103,"column":24}},"30":{"start":{"line":102,"column":24},"end":{"line":102,"column":51}},"31":{"start":{"line":105,"column":4},"end":{"line":105,"column":18}},"32":{"start":{"line":46,"column":13},"end":{"line":46,"column":36}},"33":{"start":{"line":134,"column":26},"end":{"line":141,"column":1}},"34":{"start":{"line":135,"column":4},"end":{"line":140,"column":7}},"35":{"start":{"line":134,"column":13},"end":{"line":134,"column":26}}},"fnMap":{"0":{"name":"(anonymous_0)","decl":{"start":{"line":5,"column":34},"end":{"line":5,"column":39}},"loc":{"start":{"line":10,"column":4},"end":{"line":44,"column":1}}},"1":{"name":"(anonymous_1)","decl":{"start":{"line":46,"column":36},"end":{"line":46,"column":41}},"loc":{"start":{"line":46,"column":76},"end":{"line":106,"column":1}}},"2":{"name":"(anonymous_2)","decl":{"start":{"line":86,"column":38},"end":{"line":86,"column":39}},"loc":{"start":{"line":86,"column":50},"end":{"line":86,"column":74}}},"3":{"name":"(anonymous_3)","decl":{"start":{"line":102,"column":14},"end":{"line":102,"column":15}},"loc":{"start":{"line":102,"column":24},"end":{"line":102,"column":51}}},"4":{"name":"(anonymous_4)","decl":{"start":{"line":134,"column":26},"end":{"line":134,"column":31}},"loc":{"start":{"line":134,"column":47},"end":{"line":141,"column":1}}}},"branchMap":{"0":{"loc":{"start":{"line":17,"column":4},"end":{"line":19,"column":5}},"type":"if","locations":[{"start":{"line":17,"column":4},"end":{"line":19,"column":5}},{"start":{},"end":{}}]},"1":{"loc":{"start":{"line":21,"column":4},"end":{"line":23,"column":5}},"type":"if","locations":[{"start":{"line":21,"column":4},"end":{"line":23,"column":5}},{"start":{},"end":{}}]},"2":{"loc":{"start":{"line":25,"column":4},"end":{"line":27,"column":5}},"type":"if","locations":[{"start":{"line":25,"column":4},"end":{"line":27,"column":5}},{"start":{},"end":{}}]},"3":{"loc":{"start":{"line":33,"column":20},"end":{"line":33,"column":34}},"type":"binary-expr","locations":[{"start":{"line":33,"column":20},"end":{"line":33,"column":26}},{"start":{"line":33,"column":30},"end":{"line":33,"column":34}}]},"4":{"loc":{"start":{"line":71,"column":37},"end":{"line":71,"column":62}},"type":"binary-expr","locations":[{"start":{"line":71,"column":37},"end":{"line":71,"column":49}},{"start":{"line":71,"column":53},"end":{"line":71,"column":62}}]},"5":{"loc":{"start":{"line":73,"column":8},"end":{"line":97,"column":9}},"type":"if","locations":[{"start":{"line":73,"column":8},"end":{"line":97,"column":9}},{"start":{"line":80,"column":15},"end":{"line":97,"column":9}}]},"6":{"loc":{"start":{"line":76,"column":24},"end":{"line":76,"column":56}},"type":"cond-expr","locations":[{"start":{"line":76,"column":38},"end":{"line":76,"column":51}},{"start":{"line":76,"column":54},"end":{"line":76,"column":56}}]},"7":{"loc":{"start":{"line":84,"column":12},"end":{"line":89,"column":13}},"type":"if","locations":[{"start":{"line":84,"column":12},"end":{"line":89,"column":13}},{"start":{},"end":{}}]},"8":{"loc":{"start":{"line":85,"column":16},"end":{"line":86,"column":75}},"type":"binary-expr","locations":[{"start":{"line":85,"column":16},"end":{"line":85,"column":27}},{"start":{"line":86,"column":16},"end":{"line":86,"column":75}}]},"9":{"loc":{"start":{"line":94,"column":12},"end":{"line":96,"column":13}},"type":"if","locations":[{"start":{"line":94,"column":12},"end":{"line":96,"column":13}},{"start":{},"end":{}}]}},"s":{"0":0,"1":0,"2":0,"3":0,"4":0,"5":0,"6":0,"7":0,"8":0,"9":0,"10":0,"11":0,"12":0,"13":0,"14":0,"15":0,"16":0,"17":0,"18":0,"19":0,"20":0,"21":0,"22":0,"23":0,"24":0,"25":0,"26":0,"27":0,"28":0,"29":0,"30":0,"31":0,"32":0,"33":0,"34":0,"35":0},"f":{"0":0,"1":0,"2":0,"3":0,"4":0},"b":{"0":[0,0],"1":[0,0],"2":[0,0],"3":[0,0],"4":[0,0],"5":[0,0],"6":[0,0],"7":[0,0],"8":[0,0],"9":[0,0]}}
,"C:\\Users\\leosa\\Desktop\\Programacion\\petsocial-backend\\src\\services\\pet.services.ts": {"path":"C:\\Users\\leosa\\Desktop\\Programacion\\petsocial-backend\\src\\services\\pet.services.ts","statementMap":{"0":{"start":{"line":1,"column":0},"end":{"line":1,"column":42}},"1":{"start":{"line":3,"column":0},"end":{"line":3,"column":47}},"2":{"start":{"line":12,"column":25},"end":{"line":26,"column":1}},"3":{"start":{"line":18,"column":4},"end":{"line":25,"column":7}},"4":{"start":{"line":12,"column":13},"end":{"line":12,"column":25}},"5":{"start":{"line":28,"column":25},"end":{"line":32,"column":1}},"6":{"start":{"line":29,"column":4},"end":{"line":31,"column":7}},"7":{"start":{"line":28,"column":13},"end":{"line":28,"column":25}},"8":{"start":{"line":34,"column":25},"end":{"line":54,"column":1}},"9":{"start":{"line":39,"column":16},"end":{"line":41,"column":6}},"10":{"start":{"line":43,"column":4},"end":{"line":48,"column":5}},"11":{"start":{"line":44,"column":8},"end":{"line":47,"column":10}},"12":{"start":{"line":50,"column":4},"end":{"line":53,"column":7}},"13":{"start":{"line":34,"column":13},"end":{"line":34,"column":25}},"14":{"start":{"line":56,"column":25},"end":{"line":68,"column":1}},"15":{"start":{"line":57,"column":16},"end":{"line":59,"column":6}},"16":{"start":{"line":61,"column":4},"end":{"line":63,"column":5}},"17":{"start":{"line":62,"column":8},"end":{"line":62,"column":50}},"18":{"start":{"line":65,"column":4},"end":{"line":67,"column":7}},"19":{"start":{"line":56,"column":13},"end":{"line":56,"column":25}},"20":{"start":{"line":70,"column":28},"end":{"line":100,"column":1}},"21":{"start":{"line":71,"column":16},"end":{"line":93,"column":6}},"22":{"start":{"line":95,"column":4},"end":{"line":97,"column":5}},"23":{"start":{"line":96,"column":8},"end":{"line":96,"column":50}},"24":{"start":{"line":99,"column":4},"end":{"line":99,"column":15}},"25":{"start":{"line":70,"column":13},"end":{"line":70,"column":28}}},"fnMap":{"0":{"name":"(anonymous_0)","decl":{"start":{"line":12,"column":25},"end":{"line":12,"column":30}},"loc":{"start":{"line":17,"column":21},"end":{"line":26,"column":1}}},"1":{"name":"(anonymous_1)","decl":{"start":{"line":28,"column":25},"end":{"line":28,"column":30}},"loc":{"start":{"line":28,"column":51},"end":{"line":32,"column":1}}},"2":{"name":"(anonymous_2)","decl":{"start":{"line":34,"column":25},"end":{"line":34,"column":30}},"loc":{"start":{"line":38,"column":4},"end":{"line":54,"column":1}}},"3":{"name":"(anonymous_3)","decl":{"start":{"line":56,"column":25},"end":{"line":56,"column":30}},"loc":{"start":{"line":56,"column":66},"end":{"line":68,"column":1}}},"4":{"name":"(anonymous_4)","decl":{"start":{"line":70,"column":28},"end":{"line":70,"column":33}},"loc":{"start":{"line":70,"column":52},"end":{"line":100,"column":1}}}},"branchMap":{"0":{"loc":{"start":{"line":43,"column":4},"end":{"line":48,"column":5}},"type":"if","locations":[{"start":{"line":43,"column":4},"end":{"line":48,"column":5}},{"start":{},"end":{}}]},"1":{"loc":{"start":{"line":61,"column":4},"end":{"line":63,"column":5}},"type":"if","locations":[{"start":{"line":61,"column":4},"end":{"line":63,"column":5}},{"start":{},"end":{}}]},"2":{"loc":{"start":{"line":95,"column":4},"end":{"line":97,"column":5}},"type":"if","locations":[{"start":{"line":95,"column":4},"end":{"line":97,"column":5}},{"start":{},"end":{}}]}},"s":{"0":0,"1":0,"2":0,"3":0,"4":0,"5":0,"6":0,"7":0,"8":0,"9":0,"10":0,"11":0,"12":0,"13":0,"14":0,"15":0,"16":0,"17":0,"18":0,"19":0,"20":0,"21":0,"22":0,"23":0,"24":0,"25":0},"f":{"0":0,"1":0,"2":0,"3":0,"4":0},"b":{"0":[0,0],"1":[0,0],"2":[0,0]}}
,"C:\\Users\\leosa\\Desktop\\Programacion\\petsocial-backend\\src\\services\\post.services.ts": {"path":"C:\\Users\\leosa\\Desktop\\Programacion\\petsocial-backend\\src\\services\\post.services.ts","statementMap":{"0":{"start":{"line":1,"column":0},"end":{"line":1,"column":70}},"1":{"start":{"line":2,"column":0},"end":{"line":2,"column":42}},"2":{"start":{"line":3,"column":0},"end":{"line":3,"column":47}},"3":{"start":{"line":5,"column":27},"end":{"line":22,"column":1}},"4":{"start":{"line":6,"column":17},"end":{"line":17,"column":6}},"5":{"start":{"line":18,"column":4},"end":{"line":20,"column":5}},"6":{"start":{"line":19,"column":8},"end":{"line":19,"column":51}},"7":{"start":{"line":21,"column":4},"end":{"line":21,"column":16}},"8":{"start":{"line":5,"column":13},"end":{"line":5,"column":27}},"9":{"start":{"line":24,"column":26},"end":{"line":47,"column":1}},"10":{"start":{"line":32,"column":16},"end":{"line":34,"column":6}},"11":{"start":{"line":36,"column":4},"end":{"line":38,"column":5}},"12":{"start":{"line":37,"column":8},"end":{"line":37,"column":63}},"13":{"start":{"line":40,"column":4},"end":{"line":46,"column":7}},"14":{"start":{"line":24,"column":13},"end":{"line":24,"column":26}},"15":{"start":{"line":49,"column":23},"end":{"line":94,"column":1}},"16":{"start":{"line":50,"column":18},"end":{"line":88,"column":6}},"17":{"start":{"line":90,"column":4},"end":{"line":93,"column":8}},"18":{"start":{"line":90,"column":32},"end":{"line":93,"column":6}},"19":{"start":{"line":92,"column":47},"end":{"line":92,"column":67}},"20":{"start":{"line":49,"column":13},"end":{"line":49,"column":23}},"21":{"start":{"line":96,"column":29},"end":{"line":101,"column":1}},"22":{"start":{"line":97,"column":4},"end":{"line":100,"column":7}},"23":{"start":{"line":96,"column":13},"end":{"line":96,"column":29}},"24":{"start":{"line":103,"column":26},"end":{"line":116,"column":1}},"25":{"start":{"line":104,"column":17},"end":{"line":106,"column":6}},"26":{"start":{"line":107,"column":4},"end":{"line":109,"column":5}},"27":{"start":{"line":108,"column":8},"end":{"line":108,"column":51}},"28":{"start":{"line":110,"column":21},"end":{"line":110,"column":51}},"29":{"start":{"line":111,"column":4},"end":{"line":111,"column":48}},"30":{"start":{"line":112,"column":4},"end":{"line":114,"column":7}},"31":{"start":{"line":115,"column":4},"end":{"line":115,"column":39}},"32":{"start":{"line":103,"column":13},"end":{"line":103,"column":26}},"33":{"start":{"line":118,"column":26},"end":{"line":146,"column":1}},"34":{"start":{"line":123,"column":17},"end":{"line":125,"column":6}},"35":{"start":{"line":127,"column":4},"end":{"line":129,"column":5}},"36":{"start":{"line":128,"column":8},"end":{"line":128,"column":42}},"37":{"start":{"line":131,"column":4},"end":{"line":135,"column":5}},"38":{"start":{"line":132,"column":25},"end":{"line":132,"column":55}},"39":{"start":{"line":134,"column":8},"end":{"line":134,"column":52}},"40":{"start":{"line":137,"column":24},"end":{"line":143,"column":6}},"41":{"start":{"line":145,"column":4},"end":{"line":145,"column":23}},"42":{"start":{"line":118,"column":13},"end":{"line":118,"column":26}}},"fnMap":{"0":{"name":"(anonymous_9)","decl":{"start":{"line":5,"column":27},"end":{"line":5,"column":32}},"loc":{"start":{"line":5,"column":52},"end":{"line":22,"column":1}}},"1":{"name":"(anonymous_10)","decl":{"start":{"line":24,"column":26},"end":{"line":24,"column":31}},"loc":{"start":{"line":30,"column":4},"end":{"line":47,"column":1}}},"2":{"name":"(anonymous_11)","decl":{"start":{"line":49,"column":23},"end":{"line":49,"column":28}},"loc":{"start":{"line":49,"column":65},"end":{"line":94,"column":1}}},"3":{"name":"(anonymous_12)","decl":{"start":{"line":90,"column":21},"end":{"line":90,"column":22}},"loc":{"start":{"line":90,"column":32},"end":{"line":93,"column":6}}},"4":{"name":"(anonymous_13)","decl":{"start":{"line":92,"column":37},"end":{"line":92,"column":38}},"loc":{"start":{"line":92,"column":47},"end":{"line":92,"column":67}}},"5":{"name":"(anonymous_14)","decl":{"start":{"line":96,"column":29},"end":{"line":96,"column":34}},"loc":{"start":{"line":96,"column":53},"end":{"line":101,"column":1}}},"6":{"name":"(anonymous_15)","decl":{"start":{"line":103,"column":26},"end":{"line":103,"column":31}},"loc":{"start":{"line":103,"column":51},"end":{"line":116,"column":1}}},"7":{"name":"(anonymous_16)","decl":{"start":{"line":118,"column":26},"end":{"line":118,"column":31}},"loc":{"start":{"line":122,"column":4},"end":{"line":146,"column":1}}}},"branchMap":{"0":{"loc":{"start":{"line":18,"column":4},"end":{"line":20,"column":5}},"type":"if","locations":[{"start":{"line":18,"column":4},"end":{"line":20,"column":5}},{"start":{},"end":{}}]},"1":{"loc":{"start":{"line":36,"column":4},"end":{"line":38,"column":5}},"type":"if","locations":[{"start":{"line":36,"column":4},"end":{"line":38,"column":5}},{"start":{},"end":{}}]},"2":{"loc":{"start":{"line":53,"column":12},"end":{"line":58,"column":10}},"type":"binary-expr","locations":[{"start":{"line":53,"column":12},"end":{"line":53,"column":18}},{"start":{"line":53,"column":22},"end":{"line":58,"column":10}}]},"3":{"loc":{"start":{"line":107,"column":4},"end":{"line":109,"column":5}},"type":"if","locations":[{"start":{"line":107,"column":4},"end":{"line":109,"column":5}},{"start":{},"end":{}}]},"4":{"loc":{"start":{"line":127,"column":4},"end":{"line":129,"column":5}},"type":"if","locations":[{"start":{"line":127,"column":4},"end":{"line":129,"column":5}},{"start":{},"end":{}}]},"5":{"loc":{"start":{"line":131,"column":4},"end":{"line":135,"column":5}},"type":"if","locations":[{"start":{"line":131,"column":4},"end":{"line":135,"column":5}},{"start":{},"end":{}}]},"6":{"loc":{"start":{"line":141,"column":19},"end":{"line":141,"column":38}},"type":"binary-expr","locations":[{"start":{"line":141,"column":19},"end":{"line":141,"column":24}},{"start":{"line":141,"column":28},"end":{"line":141,"column":38}}]}},"s":{"0":1,"1":1,"2":1,"3":1,"4":0,"5":0,"6":0,"7":0,"8":1,"9":1,"10":2,"11":2,"12":1,"13":1,"14":1,"15":1,"16":1,"17":1,"18":1,"19":0,"20":1,"21":1,"22":1,"23":1,"24":1,"25":0,"26":0,"27":0,"28":0,"29":0,"30":0,"31":0,"32":1,"33":1,"34":0,"35":0,"36":0,"37":0,"38":0,"39":0,"40":0,"41":0,"42":1},"f":{"0":0,"1":2,"2":1,"3":1,"4":0,"5":1,"6":0,"7":0},"b":{"0":[0,0],"1":[1,1],"2":[1,0],"3":[0,0],"4":[0,0],"5":[0,0],"6":[0,0]}}
,"C:\\Users\\leosa\\Desktop\\Programacion\\petsocial-backend\\src\\services\\user.services.ts": {"path":"C:\\Users\\leosa\\Desktop\\Programacion\\petsocial-backend\\src\\services\\user.services.ts","statementMap":{"0":{"start":{"line":2,"column":0},"end":{"line":2,"column":42}},"1":{"start":{"line":3,"column":0},"end":{"line":3,"column":47}},"2":{"start":{"line":5,"column":0},"end":{"line":5,"column":70}},"3":{"start":{"line":7,"column":26},"end":{"line":72,"column":1}},"4":{"start":{"line":11,"column":16},"end":{"line":39,"column":6}},"5":{"start":{"line":41,"column":4},"end":{"line":43,"column":5}},"6":{"start":{"line":42,"column":8},"end":{"line":42,"column":50}},"7":{"start":{"line":45,"column":22},"end":{"line":45,"column":27}},"8":{"start":{"line":47,"column":4},"end":{"line":58,"column":5}},"9":{"start":{"line":48,"column":23},"end":{"line":55,"column":10}},"10":{"start":{"line":57,"column":8},"end":{"line":57,"column":31}},"11":{"start":{"line":60,"column":4},"end":{"line":71,"column":6}},"12":{"start":{"line":7,"column":13},"end":{"line":7,"column":26}},"13":{"start":{"line":74,"column":36},"end":{"line":101,"column":1}},"14":{"start":{"line":78,"column":22},"end":{"line":78,"column":32}},"15":{"start":{"line":79,"column":16},"end":{"line":81,"column":6}},"16":{"start":{"line":83,"column":4},"end":{"line":85,"column":5}},"17":{"start":{"line":84,"column":8},"end":{"line":84,"column":50}},"18":{"start":{"line":86,"column":4},"end":{"line":90,"column":5}},"19":{"start":{"line":87,"column":25},"end":{"line":87,"column":54}},"20":{"start":{"line":89,"column":8},"end":{"line":89,"column":52}},"21":{"start":{"line":91,"column":23},"end":{"line":97,"column":6}},"22":{"start":{"line":98,"column":4},"end":{"line":98,"column":22}},"23":{"start":{"line":100,"column":4},"end":{"line":100,"column":46}},"24":{"start":{"line":74,"column":13},"end":{"line":74,"column":36}}},"fnMap":{"0":{"name":"(anonymous_9)","decl":{"start":{"line":7,"column":26},"end":{"line":7,"column":31}},"loc":{"start":{"line":10,"column":4},"end":{"line":72,"column":1}}},"1":{"name":"(anonymous_10)","decl":{"start":{"line":74,"column":36},"end":{"line":74,"column":41}},"loc":{"start":{"line":77,"column":4},"end":{"line":101,"column":1}}}},"branchMap":{"0":{"loc":{"start":{"line":41,"column":4},"end":{"line":43,"column":5}},"type":"if","locations":[{"start":{"line":41,"column":4},"end":{"line":43,"column":5}},{"start":{},"end":{}}]},"1":{"loc":{"start":{"line":47,"column":4},"end":{"line":58,"column":5}},"type":"if","locations":[{"start":{"line":47,"column":4},"end":{"line":58,"column":5}},{"start":{},"end":{}}]},"2":{"loc":{"start":{"line":83,"column":4},"end":{"line":85,"column":5}},"type":"if","locations":[{"start":{"line":83,"column":4},"end":{"line":85,"column":5}},{"start":{},"end":{}}]},"3":{"loc":{"start":{"line":86,"column":4},"end":{"line":90,"column":5}},"type":"if","locations":[{"start":{"line":86,"column":4},"end":{"line":90,"column":5}},{"start":{},"end":{}}]},"4":{"loc":{"start":{"line":86,"column":8},"end":{"line":86,"column":26}},"type":"binary-expr","locations":[{"start":{"line":86,"column":8},"end":{"line":86,"column":13}},{"start":{"line":86,"column":17},"end":{"line":86,"column":26}}]},"5":{"loc":{"start":{"line":95,"column":19},"end":{"line":95,"column":44}},"type":"cond-expr","locations":[{"start":{"line":95,"column":27},"end":{"line":95,"column":32}},{"start":{"line":95,"column":35},"end":{"line":95,"column":44}}]}},"s":{"0":1,"1":1,"2":1,"3":1,"4":2,"5":2,"6":1,"7":1,"8":1,"9":0,"10":0,"11":1,"12":1,"13":1,"14":1,"15":1,"16":1,"17":1,"18":0,"19":0,"20":0,"21":0,"22":0,"23":0,"24":1},"f":{"0":2,"1":1},"b":{"0":[1,1],"1":[0,1],"2":[1,0],"3":[0,0],"4":[0,0],"5":[0,0]}}
,"C:\\Users\\leosa\\Desktop\\Programacion\\petsocial-backend\\src\\sockets\\chatHandler.ts": {"path":"C:\\Users\\leosa\\Desktop\\Programacion\\petsocial-backend\\src\\sockets\\chatHandler.ts","statementMap":{"0":{"start":{"line":4,"column":0},"end":{"line":4,"column":16}},"1":{"start":{"line":2,"column":0},"end":{"line":2,"column":42}},"2":{"start":{"line":5,"column":19},"end":{"line":5,"column":37}},"3":{"start":{"line":7,"column":4},"end":{"line":22,"column":7}},"4":{"start":{"line":8,"column":8},"end":{"line":21,"column":9}},"5":{"start":{"line":10,"column":16},"end":{"line":13,"column":18}},"6":{"start":{"line":14,"column":12},"end":{"line":16,"column":15}},"7":{"start":{"line":15,"column":16},"end":{"line":15,"column":54}},"8":{"start":{"line":18,"column":12},"end":{"line":20,"column":15}},"9":{"start":{"line":24,"column":4},"end":{"line":107,"column":6}},"10":{"start":{"line":27,"column":12},"end":{"line":105,"column":13}},"11":{"start":{"line":29,"column":20},"end":{"line":57,"column":22}},"12":{"start":{"line":59,"column":16},"end":{"line":67,"column":17}},"13":{"start":{"line":60,"column":20},"end":{"line":60,"column":67}},"14":{"start":{"line":62,"column":20},"end":{"line":65,"column":22}},"15":{"start":{"line":66,"column":20},"end":{"line":66,"column":27}},"16":{"start":{"line":69,"column":37},"end":{"line":89,"column":18}},"17":{"start":{"line":91,"column":16},"end":{"line":91,"column":55}},"18":{"start":{"line":92,"column":16},"end":{"line":94,"column":18}},"19":{"start":{"line":95,"column":16},"end":{"line":95,"column":78}},"20":{"start":{"line":96,"column":16},"end":{"line":99,"column":18}},"21":{"start":{"line":101,"column":16},"end":{"line":103,"column":19}},"22":{"start":{"line":104,"column":16},"end":{"line":104,"column":48}},"23":{"start":{"line":109,"column":4},"end":{"line":151,"column":6}},"24":{"start":{"line":118,"column":12},"end":{"line":149,"column":13}},"25":{"start":{"line":120,"column":20},"end":{"line":124,"column":22}},"26":{"start":{"line":126,"column":16},"end":{"line":131,"column":17}},"27":{"start":{"line":127,"column":20},"end":{"line":129,"column":23}},"28":{"start":{"line":130,"column":20},"end":{"line":130,"column":27}},"29":{"start":{"line":133,"column":32},"end":{"line":140,"column":18}},"30":{"start":{"line":141,"column":16},"end":{"line":144,"column":19}},"31":{"start":{"line":146,"column":16},"end":{"line":146,"column":76}},"32":{"start":{"line":148,"column":16},"end":{"line":148,"column":80}},"33":{"start":{"line":153,"column":4},"end":{"line":174,"column":6}},"34":{"start":{"line":156,"column":12},"end":{"line":172,"column":13}},"35":{"start":{"line":157,"column":16},"end":{"line":164,"column":19}},"36":{"start":{"line":166,"column":16},"end":{"line":169,"column":19}},"37":{"start":{"line":171,"column":16},"end":{"line":171,"column":80}},"38":{"start":{"line":176,"column":4},"end":{"line":208,"column":6}},"39":{"start":{"line":185,"column":12},"end":{"line":206,"column":13}},"40":{"start":{"line":186,"column":34},"end":{"line":186,"column":36}},"41":{"start":{"line":187,"column":33},"end":{"line":197,"column":18}},"42":{"start":{"line":199,"column":16},"end":{"line":203,"column":19}},"43":{"start":{"line":205,"column":16},"end":{"line":205,"column":79}}},"fnMap":{"0":{"name":"handleChatEvents","decl":{"start":{"line":4,"column":16},"end":{"line":4,"column":32}},"loc":{"start":{"line":4,"column":59},"end":{"line":209,"column":1}}},"1":{"name":"(anonymous_1)","decl":{"start":{"line":7,"column":35},"end":{"line":7,"column":40}},"loc":{"start":{"line":7,"column":46},"end":{"line":22,"column":5}}},"2":{"name":"(anonymous_2)","decl":{"start":{"line":14,"column":35},"end":{"line":14,"column":36}},"loc":{"start":{"line":14,"column":58},"end":{"line":16,"column":13}}},"3":{"name":"(anonymous_3)","decl":{"start":{"line":26,"column":8},"end":{"line":26,"column":13}},"loc":{"start":{"line":26,"column":61},"end":{"line":106,"column":9}}},"4":{"name":"(anonymous_4)","decl":{"start":{"line":111,"column":8},"end":{"line":111,"column":13}},"loc":{"start":{"line":117,"column":13},"end":{"line":150,"column":9}}},"5":{"name":"(anonymous_5)","decl":{"start":{"line":155,"column":8},"end":{"line":155,"column":13}},"loc":{"start":{"line":155,"column":65},"end":{"line":173,"column":9}}},"6":{"name":"(anonymous_6)","decl":{"start":{"line":178,"column":8},"end":{"line":178,"column":13}},"loc":{"start":{"line":184,"column":13},"end":{"line":207,"column":9}}}},"branchMap":{"0":{"loc":{"start":{"line":59,"column":16},"end":{"line":67,"column":17}},"type":"if","locations":[{"start":{"line":59,"column":16},"end":{"line":67,"column":17}},{"start":{},"end":{}}]},"1":{"loc":{"start":{"line":126,"column":16},"end":{"line":131,"column":17}},"type":"if","locations":[{"start":{"line":126,"column":16},"end":{"line":131,"column":17}},{"start":{},"end":{}}]},"2":{"loc":{"start":{"line":180,"column":12},"end":{"line":180,"column":20}},"type":"default-arg","locations":[{"start":{"line":180,"column":19},"end":{"line":180,"column":20}}]}},"s":{"0":0,"1":0,"2":0,"3":0,"4":0,"5":0,"6":0,"7":0,"8":0,"9":0,"10":0,"11":0,"12":0,"13":0,"14":0,"15":0,"16":0,"17":0,"18":0,"19":0,"20":0,"21":0,"22":0,"23":0,"24":0,"25":0,"26":0,"27":0,"28":0,"29":0,"30":0,"31":0,"32":0,"33":0,"34":0,"35":0,"36":0,"37":0,"38":0,"39":0,"40":0,"41":0,"42":0,"43":0},"f":{"0":0,"1":0,"2":0,"3":0,"4":0,"5":0,"6":0},"b":{"0":[0,0],"1":[0,0],"2":[0]}}
,"C:\\Users\\leosa\\Desktop\\Programacion\\petsocial-backend\\src\\sockets\\onlineUser.ts": {"path":"C:\\Users\\leosa\\Desktop\\Programacion\\petsocial-backend\\src\\sockets\\onlineUser.ts","statementMap":{"0":{"start":{"line":3,"column":0},"end":{"line":3,"column":16}},"1":{"start":{"line":6,"column":0},"end":{"line":6,"column":16}},"2":{"start":{"line":9,"column":0},"end":{"line":9,"column":16}},"3":{"start":{"line":12,"column":0},"end":{"line":12,"column":16}},"4":{"start":{"line":1,"column":20},"end":{"line":1,"column":45}},"5":{"start":{"line":4,"column":4},"end":{"line":4,"column":38}},"6":{"start":{"line":7,"column":4},"end":{"line":7,"column":31}},"7":{"start":{"line":10,"column":4},"end":{"line":10,"column":35}},"8":{"start":{"line":13,"column":4},"end":{"line":13,"column":42}}},"fnMap":{"0":{"name":"addOnlineUser","decl":{"start":{"line":3,"column":16},"end":{"line":3,"column":29}},"loc":{"start":{"line":3,"column":62},"end":{"line":5,"column":1}}},"1":{"name":"removeOnlineUser","decl":{"start":{"line":6,"column":16},"end":{"line":6,"column":32}},"loc":{"start":{"line":6,"column":47},"end":{"line":8,"column":1}}},"2":{"name":"isUserOnline","decl":{"start":{"line":9,"column":16},"end":{"line":9,"column":28}},"loc":{"start":{"line":9,"column":43},"end":{"line":11,"column":1}}},"3":{"name":"getOnlineUserIds","decl":{"start":{"line":12,"column":16},"end":{"line":12,"column":32}},"loc":{"start":{"line":12,"column":32},"end":{"line":14,"column":1}}}},"branchMap":{},"s":{"0":0,"1":0,"2":0,"3":0,"4":0,"5":0,"6":0,"7":0,"8":0},"f":{"0":0,"1":0,"2":0,"3":0},"b":{}}
,"C:\\Users\\leosa\\Desktop\\Programacion\\petsocial-backend\\src\\utils\\httpError.ts": {"path":"C:\\Users\\leosa\\Desktop\\Programacion\\petsocial-backend\\src\\utils\\httpError.ts","statementMap":{"0":{"start":{"line":4,"column":8},"end":{"line":4,"column":23}},"1":{"start":{"line":5,"column":8},"end":{"line":5,"column":29}},"2":{"start":{"line":1,"column":0},"end":{"line":1,"column":13}}},"fnMap":{"0":{"name":"(anonymous_0)","decl":{"start":{"line":3,"column":4},"end":{"line":3,"column":16}},"loc":{"start":{"line":3,"column":47},"end":{"line":6,"column":5}}}},"branchMap":{},"s":{"0":6,"1":6,"2":3},"f":{"0":6},"b":{}}
,"C:\\Users\\leosa\\Desktop\\Programacion\\petsocial-backend\\src\\utils\\jwt.ts": {"path":"C:\\Users\\leosa\\Desktop\\Programacion\\petsocial-backend\\src\\utils\\jwt.ts","statementMap":{"0":{"start":{"line":1,"column":0},"end":{"line":1,"column":31}},"1":{"start":{"line":3,"column":19},"end":{"line":3,"column":51}},"2":{"start":{"line":4,"column":27},"end":{"line":4,"column":67}},"3":{"start":{"line":10,"column":27},"end":{"line":12,"column":1}},"4":{"start":{"line":11,"column":4},"end":{"line":11,"column":55}},"5":{"start":{"line":10,"column":13},"end":{"line":10,"column":27}},"6":{"start":{"line":14,"column":35},"end":{"line":16,"column":1}},"7":{"start":{"line":15,"column":4},"end":{"line":15,"column":66}},"8":{"start":{"line":14,"column":13},"end":{"line":14,"column":35}},"9":{"start":{"line":18,"column":36},"end":{"line":20,"column":1}},"10":{"start":{"line":19,"column":4},"end":{"line":19,"column":73}},"11":{"start":{"line":18,"column":13},"end":{"line":18,"column":36}},"12":{"start":{"line":22,"column":34},"end":{"line":24,"column":1}},"13":{"start":{"line":23,"column":4},"end":{"line":23,"column":63}},"14":{"start":{"line":22,"column":13},"end":{"line":22,"column":34}}},"fnMap":{"0":{"name":"(anonymous_1)","decl":{"start":{"line":10,"column":27},"end":{"line":10,"column":28}},"loc":{"start":{"line":10,"column":45},"end":{"line":12,"column":1}}},"1":{"name":"(anonymous_2)","decl":{"start":{"line":14,"column":35},"end":{"line":14,"column":36}},"loc":{"start":{"line":14,"column":62},"end":{"line":16,"column":1}}},"2":{"name":"(anonymous_3)","decl":{"start":{"line":18,"column":36},"end":{"line":18,"column":37}},"loc":{"start":{"line":18,"column":63},"end":{"line":20,"column":1}}},"3":{"name":"(anonymous_4)","decl":{"start":{"line":22,"column":34},"end":{"line":22,"column":35}},"loc":{"start":{"line":22,"column":52},"end":{"line":24,"column":1}}}},"branchMap":{},"s":{"0":0,"1":0,"2":0,"3":0,"4":0,"5":0,"6":0,"7":0,"8":0,"9":0,"10":0,"11":0,"12":0,"13":0,"14":0},"f":{"0":0,"1":0,"2":0,"3":0},"b":{}}
,"C:\\Users\\leosa\\Desktop\\Programacion\\petsocial-backend\\src\\validations\\auth.validation.ts": {"path":"C:\\Users\\leosa\\Desktop\\Programacion\\petsocial-backend\\src\\validations\\auth.validation.ts","statementMap":{"0":{"start":{"line":1,"column":0},"end":{"line":1,"column":24}},"1":{"start":{"line":3,"column":13},"end":{"line":15,"column":3}},"2":{"start":{"line":17,"column":13},"end":{"line":23,"column":3}}},"fnMap":{},"branchMap":{},"s":{"0":0,"1":0,"2":0},"f":{},"b":{}}
}
